 2020-05-17 00:29:21,880 - root - INFO - INICIANDO LARVA 17/05/2020 00:29:21 
 2020-05-17 00:29:21,880 - root - INFO - cargar_cotiz: Cargando cotizaciones ultimo cierre. 
 2020-05-17 00:29:22,379 - root - INFO - 2020-05-15 - BBAR C. ADR ULT CIERRE 3.38 C. Loc ULT CIERRE 139.75 
 2020-05-17 00:29:22,882 - root - INFO - 2020-05-15 - BMA C. ADR ULT CIERRE 18.72 C. Loc ULT CIERRE 228.15 
 2020-05-17 00:29:23,322 - root - INFO - 2020-05-15 - CEPU C. ADR ULT CIERRE 2.95 C. Loc ULT CIERRE 35.50 
 2020-05-17 00:29:23,814 - root - INFO - 2020-05-15 - CRESY C. ADR ULT CIERRE 3.22 C. Loc ULT CIERRE 40.90 
 2020-05-17 00:29:24,575 - root - INFO - 2020-05-15 - EDN C. ADR ULT CIERRE 3.35 C. Loc ULT CIERRE 20.25 
 2020-05-17 00:29:25,037 - root - INFO - 2020-05-15 - GGAL C. ADR ULT CIERRE 8.40 C. Loc ULT CIERRE 102.85 
 2020-05-17 00:29:25,445 - root - INFO - 2020-05-15 - LOMA C. ADR ULT CIERRE 3.89 C. Loc ULT CIERRE 96.50 
 2020-05-17 00:29:25,906 - root - INFO - 2020-05-15 - PAM C. ADR ULT CIERRE 10.93 C. Loc ULT CIERRE 53.70 
 2020-05-17 00:29:26,318 - root - INFO - 2020-05-15 - SUPV C. ADR ULT CIERRE 1.95 C. Loc ULT CIERRE 49.05 
 2020-05-17 00:29:26,779 - root - INFO - 2020-05-15 - TEO C. ADR ULT CIERRE 7.55 C. Loc ULT CIERRE 189.25 
 2020-05-17 00:29:27,559 - root - INFO - 2020-05-15 - TGS C. ADR ULT CIERRE 5.18 C. Loc ULT CIERRE 126.80 
 2020-05-17 00:29:28,055 - root - INFO - 2020-05-15 - YPF C. ADR ULT CIERRE 4.14 C. Loc ULT CIERRE 510.95 
 2020-05-17 00:29:28,055 - root - INFO - GGAL.BA C. ADR: 8.40 C. Loc: 102.85 Fac.: 10 CCL: 122.44 
 2020-05-17 00:29:28,055 - root - INFO - YPFD.BA C. ADR: 4.14 C. Loc: 510.95 Fac.: 1 CCL: 123.42 
 2020-05-17 00:29:28,055 - root - INFO - BMA.BA C. ADR: 18.72 C. Loc: 228.15 Fac.: 10 CCL: 121.88 
 2020-05-17 00:29:28,055 - root - INFO - PAMP.BA C. ADR: 10.93 C. Loc: 53.70 Fac.: 25 CCL: 122.83 
 2020-05-17 00:29:28,056 - root - INFO - 

**CCL al cierre anterior: (GGAL, YPFD, BMA, PAMP) Promedio: 122.64 
 2020-05-17 00:29:28,056 - root - INFO - Calculando CCL al cierre anterior 
 2020-05-17 00:29:28,056 - root - INFO - Arranca larva:  
 2020-05-17 00:29:29,554 - root - INFO - NO HAY COMPRAS HECHAS 
 2020-05-17 00:29:29,554 - root - INFO - BBAR		 C LOCAL ACTUAL 139.75		 C ADR ACTUAL: 3.38		 C LOC. ARBI: 138.17		 DIF: -1.58		 VAR: -1.13% 
 2020-05-17 00:29:30,568 - root - INFO - NO HAY COMPRAS HECHAS 
 2020-05-17 00:29:30,568 - root - INFO - BMA		 C LOCAL ACTUAL 228.15		 C ADR ACTUAL: 18.76		 C LOC. ARBI: 229.58		 DIF: 1.43		 VAR: 0.63% 
 2020-05-17 00:29:31,604 - root - INFO - NO HAY COMPRAS HECHAS 
 2020-05-17 00:29:31,604 - root - INFO - CEPU		 C LOCAL ACTUAL 35.50		 C ADR ACTUAL: 2.94		 C LOC. ARBI: 36.18		 DIF: 0.68		 VAR: 1.91% 
 2020-05-17 00:29:32,588 - root - INFO - NO HAY COMPRAS HECHAS 
 2020-05-17 00:29:32,589 - root - INFO - CRES		 C LOCAL ACTUAL 40.90		 C ADR ACTUAL: 3.22		 C LOC. ARBI: 39.49		 DIF: -1.41		 VAR: -3.45% 
 2020-05-17 00:29:33,611 - root - INFO - NO HAY COMPRAS HECHAS 
 2020-05-17 00:29:33,611 - root - INFO - EDN		 C LOCAL ACTUAL 20.25		 C ADR ACTUAL: 3.32		 C LOC. ARBI: 20.54		 DIF: 0.29		 VAR: 1.44% 
 2020-05-17 00:29:34,632 - root - INFO - NO HAY COMPRAS HECHAS 
 2020-05-17 00:29:34,632 - root - INFO - GGAL		 C LOCAL ACTUAL 102.85		 C ADR ACTUAL: 8.39		 C LOC. ARBI: 103.02		 DIF: 0.17		 VAR: 0.16% 
 2020-05-17 00:29:35,663 - root - INFO - NO HAY COMPRAS HECHAS 
 2020-05-17 00:29:35,663 - root - INFO - LOMA		 C LOCAL ACTUAL 96.50		 C ADR ACTUAL: 3.88		 C LOC. ARBI: 95.41		 DIF: -1.09		 VAR: -1.13% 
 2020-05-17 00:29:36,668 - root - INFO - NO HAY COMPRAS HECHAS 
 2020-05-17 00:29:36,668 - root - INFO - PAMP		 C LOCAL ACTUAL 53.70		 C ADR ACTUAL: 10.93		 C LOC. ARBI: 53.62		 DIF: -0.08		 VAR: -0.15% 
 2020-05-17 00:29:37,727 - root - INFO - NO HAY COMPRAS HECHAS 
 2020-05-17 00:29:37,727 - root - INFO - SUPV		 C LOCAL ACTUAL 49.05		 C ADR ACTUAL: 1.95		 C LOC. ARBI: 47.83		 DIF: -1.22		 VAR: -2.49% 
 2020-05-17 00:29:38,736 - root - INFO - NO HAY COMPRAS HECHAS 
 2020-05-17 00:29:38,736 - root - INFO - TECO2		 C LOCAL ACTUAL 189.25		 C ADR ACTUAL: 7.57		 C LOC. ARBI: 185.19		 DIF: -4.06		 VAR: -2.15% 
 2020-05-17 00:29:39,865 - root - INFO - NO HAY COMPRAS HECHAS 
 2020-05-17 00:29:39,865 - root - INFO - TGSU2		 C LOCAL ACTUAL 126.80		 C ADR ACTUAL: 5.20		 C LOC. ARBI: 127.06		 DIF: 0.26		 VAR: 0.20% 
 2020-05-17 00:29:40,882 - root - INFO - NO HAY COMPRAS HECHAS 
 2020-05-17 00:29:40,882 - root - INFO - YPFD		 C LOCAL ACTUAL 510.95		 C ADR ACTUAL: 4.16		 C LOC. ARBI: 507.73		 DIF: -3.22		 VAR: -0.63% 
 2020-05-17 00:29:51,908 - root - INFO - NO HAY COMPRAS HECHAS 
 2020-05-17 00:29:51,908 - root - INFO - BBAR		 C LOCAL ACTUAL 139.75		 C ADR ACTUAL: 3.38		 C LOC. ARBI: 138.17		 DIF: -1.58		 VAR: -1.13% 
 2020-05-17 00:29:52,923 - root - INFO - NO HAY COMPRAS HECHAS 
 2020-05-17 00:29:52,923 - root - INFO - BMA		 C LOCAL ACTUAL 228.15		 C ADR ACTUAL: 18.76		 C LOC. ARBI: 229.58		 DIF: 1.43		 VAR: 0.63% 
 2020-05-17 00:29:53,930 - root - INFO - NO HAY COMPRAS HECHAS 
 2020-05-17 00:29:53,930 - root - INFO - CEPU		 C LOCAL ACTUAL 35.50		 C ADR ACTUAL: 2.94		 C LOC. ARBI: 36.18		 DIF: 0.68		 VAR: 1.91% 
 2020-05-17 00:29:54,927 - root - INFO - NO HAY COMPRAS HECHAS 
 2020-05-17 00:29:54,927 - root - INFO - CRES		 C LOCAL ACTUAL 40.90		 C ADR ACTUAL: 3.22		 C LOC. ARBI: 39.49		 DIF: -1.41		 VAR: -3.45% 
 2020-05-17 00:29:55,987 - root - INFO - NO HAY COMPRAS HECHAS 
 2020-05-17 00:29:55,987 - root - INFO - EDN		 C LOCAL ACTUAL 20.25		 C ADR ACTUAL: 3.32		 C LOC. ARBI: 20.54		 DIF: 0.29		 VAR: 1.44% 
 2020-05-17 00:29:56,985 - root - INFO - NO HAY COMPRAS HECHAS 
 2020-05-17 00:29:56,985 - root - INFO - GGAL		 C LOCAL ACTUAL 102.85		 C ADR ACTUAL: 8.39		 C LOC. ARBI: 103.02		 DIF: 0.17		 VAR: 0.16% 
 2020-05-17 00:29:57,963 - root - INFO - NO HAY COMPRAS HECHAS 
 2020-05-17 00:29:57,963 - root - INFO - LOMA		 C LOCAL ACTUAL 96.50		 C ADR ACTUAL: 3.88		 C LOC. ARBI: 95.41		 DIF: -1.09		 VAR: -1.13% 
 2020-05-17 00:29:58,942 - root - INFO - NO HAY COMPRAS HECHAS 
 2020-05-17 00:29:58,943 - root - INFO - PAMP		 C LOCAL ACTUAL 53.70		 C ADR ACTUAL: 10.93		 C LOC. ARBI: 53.62		 DIF: -0.08		 VAR: -0.15% 
 2020-05-17 00:29:59,944 - root - INFO - NO HAY COMPRAS HECHAS 
 2020-05-17 00:29:59,944 - root - INFO - SUPV		 C LOCAL ACTUAL 49.05		 C ADR ACTUAL: 1.95		 C LOC. ARBI: 47.83		 DIF: -1.22		 VAR: -2.49% 
 2020-05-17 00:30:00,952 - root - INFO - NO HAY COMPRAS HECHAS 
 2020-05-17 00:30:00,952 - root - INFO - TECO2		 C LOCAL ACTUAL 189.25		 C ADR ACTUAL: 7.57		 C LOC. ARBI: 185.19		 DIF: -4.06		 VAR: -2.15% 
 2020-05-17 00:30:02,014 - root - INFO - NO HAY COMPRAS HECHAS 
 2020-05-17 00:30:02,014 - root - INFO - TGSU2		 C LOCAL ACTUAL 126.80		 C ADR ACTUAL: 5.20		 C LOC. ARBI: 127.06		 DIF: 0.26		 VAR: 0.20% 
 2020-05-17 00:30:03,119 - root - INFO - NO HAY COMPRAS HECHAS 
 2020-05-17 00:30:03,119 - root - INFO - YPFD		 C LOCAL ACTUAL 510.95		 C ADR ACTUAL: 4.16		 C LOC. ARBI: 507.73		 DIF: -3.22		 VAR: -0.63% 
 2020-05-17 00:30:14,115 - root - INFO - NO HAY COMPRAS HECHAS 
 2020-05-17 00:30:14,115 - root - INFO - BBAR		 C LOCAL ACTUAL 139.75		 C ADR ACTUAL: 3.38		 C LOC. ARBI: 138.17		 DIF: -1.58		 VAR: -1.13% 
 2020-05-17 00:30:15,136 - root - INFO - NO HAY COMPRAS HECHAS 
 2020-05-17 00:30:15,136 - root - INFO - BMA		 C LOCAL ACTUAL 228.15		 C ADR ACTUAL: 18.76		 C LOC. ARBI: 229.58		 DIF: 1.43		 VAR: 0.63% 
 2020-05-17 00:30:16,151 - root - INFO - NO HAY COMPRAS HECHAS 
 2020-05-17 00:30:16,151 - root - INFO - CEPU		 C LOCAL ACTUAL 35.50		 C ADR ACTUAL: 2.94		 C LOC. ARBI: 36.18		 DIF: 0.68		 VAR: 1.91% 
 2020-05-17 00:30:17,120 - root - INFO - NO HAY COMPRAS HECHAS 
 2020-05-17 00:30:17,120 - root - INFO - CRES		 C LOCAL ACTUAL 40.90		 C ADR ACTUAL: 3.22		 C LOC. ARBI: 39.49		 DIF: -1.41		 VAR: -3.45% 
 2020-05-17 00:30:18,182 - root - INFO - NO HAY COMPRAS HECHAS 
 2020-05-17 00:30:18,182 - root - INFO - EDN		 C LOCAL ACTUAL 20.25		 C ADR ACTUAL: 3.32		 C LOC. ARBI: 20.54		 DIF: 0.29		 VAR: 1.44% 
 2020-05-17 00:30:19,181 - root - INFO - NO HAY COMPRAS HECHAS 
 2020-05-17 00:30:19,182 - root - INFO - GGAL		 C LOCAL ACTUAL 102.85		 C ADR ACTUAL: 8.39		 C LOC. ARBI: 103.02		 DIF: 0.17		 VAR: 0.16% 
 2020-05-17 00:30:20,199 - root - INFO - NO HAY COMPRAS HECHAS 
 2020-05-17 00:30:20,200 - root - INFO - LOMA		 C LOCAL ACTUAL 96.50		 C ADR ACTUAL: 3.88		 C LOC. ARBI: 95.41		 DIF: -1.09		 VAR: -1.13% 
 2020-05-17 00:30:21,259 - root - INFO - NO HAY COMPRAS HECHAS 
 2020-05-17 00:30:21,259 - root - INFO - PAMP		 C LOCAL ACTUAL 53.70		 C ADR ACTUAL: 10.93		 C LOC. ARBI: 53.62		 DIF: -0.08		 VAR: -0.15% 
 2020-05-17 00:30:22,281 - root - INFO - NO HAY COMPRAS HECHAS 
 2020-05-17 00:30:22,281 - root - INFO - SUPV		 C LOCAL ACTUAL 49.05		 C ADR ACTUAL: 1.95		 C LOC. ARBI: 47.83		 DIF: -1.22		 VAR: -2.49% 
 2020-05-17 00:30:23,304 - root - INFO - NO HAY COMPRAS HECHAS 
 2020-05-17 00:30:23,304 - root - INFO - TECO2		 C LOCAL ACTUAL 189.25		 C ADR ACTUAL: 7.57		 C LOC. ARBI: 185.19		 DIF: -4.06		 VAR: -2.15% 
 2020-05-17 00:30:24,340 - root - INFO - NO HAY COMPRAS HECHAS 
 2020-05-17 00:30:24,341 - root - INFO - TGSU2		 C LOCAL ACTUAL 126.80		 C ADR ACTUAL: 5.20		 C LOC. ARBI: 127.06		 DIF: 0.26		 VAR: 0.20% 
 2020-05-17 00:30:25,367 - root - INFO - NO HAY COMPRAS HECHAS 
 2020-05-17 00:30:25,367 - root - INFO - YPFD		 C LOCAL ACTUAL 510.95		 C ADR ACTUAL: 4.16		 C LOC. ARBI: 507.73		 DIF: -3.22		 VAR: -0.63% 
 2020-05-17 00:30:36,355 - root - INFO - NO HAY COMPRAS HECHAS 
 2020-05-17 00:30:36,355 - root - INFO - BBAR		 C LOCAL ACTUAL 139.75		 C ADR ACTUAL: 3.38		 C LOC. ARBI: 138.17		 DIF: -1.58		 VAR: -1.13% 
 2020-05-17 00:30:37,417 - root - INFO - NO HAY COMPRAS HECHAS 
 2020-05-17 00:30:37,417 - root - INFO - BMA		 C LOCAL ACTUAL 228.15		 C ADR ACTUAL: 18.76		 C LOC. ARBI: 229.58		 DIF: 1.43		 VAR: 0.63% 
 2020-05-17 00:30:38,449 - root - INFO - NO HAY COMPRAS HECHAS 
 2020-05-17 00:30:38,449 - root - INFO - CEPU		 C LOCAL ACTUAL 35.50		 C ADR ACTUAL: 2.94		 C LOC. ARBI: 36.18		 DIF: 0.68		 VAR: 1.91% 
 2020-05-17 00:30:39,403 - root - INFO - NO HAY COMPRAS HECHAS 
 2020-05-17 00:30:39,404 - root - INFO - CRES		 C LOCAL ACTUAL 40.90		 C ADR ACTUAL: 3.22		 C LOC. ARBI: 39.49		 DIF: -1.41		 VAR: -3.45% 
 2020-05-17 00:30:40,408 - root - INFO - NO HAY COMPRAS HECHAS 
 2020-05-17 00:30:40,408 - root - INFO - EDN		 C LOCAL ACTUAL 20.25		 C ADR ACTUAL: 3.32		 C LOC. ARBI: 20.54		 DIF: 0.29		 VAR: 1.44% 
 2020-05-17 00:30:41,426 - root - INFO - NO HAY COMPRAS HECHAS 
 2020-05-17 00:30:41,426 - root - INFO - GGAL		 C LOCAL ACTUAL 102.85		 C ADR ACTUAL: 8.39		 C LOC. ARBI: 103.02		 DIF: 0.17		 VAR: 0.16% 
 2020-05-17 00:30:42,419 - root - INFO - NO HAY COMPRAS HECHAS 
 2020-05-17 00:30:42,419 - root - INFO - LOMA		 C LOCAL ACTUAL 96.50		 C ADR ACTUAL: 3.88		 C LOC. ARBI: 95.41		 DIF: -1.09		 VAR: -1.13% 
 2020-05-17 00:30:43,441 - root - INFO - NO HAY COMPRAS HECHAS 
 2020-05-17 00:30:43,442 - root - INFO - PAMP		 C LOCAL ACTUAL 53.70		 C ADR ACTUAL: 10.93		 C LOC. ARBI: 53.62		 DIF: -0.08		 VAR: -0.15% 
 2020-05-17 00:30:44,424 - root - INFO - NO HAY COMPRAS HECHAS 
 2020-05-17 00:30:44,425 - root - INFO - SUPV		 C LOCAL ACTUAL 49.05		 C ADR ACTUAL: 1.95		 C LOC. ARBI: 47.83		 DIF: -1.22		 VAR: -2.49% 
 2020-05-17 00:30:45,439 - root - INFO - NO HAY COMPRAS HECHAS 
 2020-05-17 00:30:45,439 - root - INFO - TECO2		 C LOCAL ACTUAL 189.25		 C ADR ACTUAL: 7.57		 C LOC. ARBI: 185.19		 DIF: -4.06		 VAR: -2.15% 
 2020-05-17 00:30:46,432 - root - INFO - NO HAY COMPRAS HECHAS 
 2020-05-17 00:30:46,432 - root - INFO - TGSU2		 C LOCAL ACTUAL 126.80		 C ADR ACTUAL: 5.20		 C LOC. ARBI: 127.06		 DIF: 0.26		 VAR: 0.20% 
 2020-05-17 00:30:47,408 - root - INFO - NO HAY COMPRAS HECHAS 
 2020-05-17 00:30:47,409 - root - INFO - YPFD		 C LOCAL ACTUAL 510.95		 C ADR ACTUAL: 4.16		 C LOC. ARBI: 507.73		 DIF: -3.22		 VAR: -0.63% 
 2020-05-17 00:31:21,250 - root - INFO - INICIANDO LARVA 17/05/2020 00:31:21 
 2020-05-17 00:31:21,250 - root - INFO - cargar_cotiz: Cargando cotizaciones ultimo cierre. 
 2020-05-17 00:31:21,736 - root - INFO - 2020-05-15 - BBAR C. ADR ULT CIERRE 3.38 C. Loc ULT CIERRE 139.75 
 2020-05-17 00:31:22,220 - root - INFO - 2020-05-15 - BMA C. ADR ULT CIERRE 18.72 C. Loc ULT CIERRE 228.15 
 2020-05-17 00:31:22,648 - root - INFO - 2020-05-15 - CEPU C. ADR ULT CIERRE 2.95 C. Loc ULT CIERRE 35.50 
 2020-05-17 00:31:23,097 - root - INFO - 2020-05-15 - CRESY C. ADR ULT CIERRE 3.22 C. Loc ULT CIERRE 40.90 
 2020-05-17 00:31:23,513 - root - INFO - 2020-05-15 - EDN C. ADR ULT CIERRE 3.35 C. Loc ULT CIERRE 20.25 
 2020-05-17 00:31:23,961 - root - INFO - 2020-05-15 - GGAL C. ADR ULT CIERRE 8.40 C. Loc ULT CIERRE 102.85 
 2020-05-17 00:31:24,381 - root - INFO - 2020-05-15 - LOMA C. ADR ULT CIERRE 3.89 C. Loc ULT CIERRE 96.50 
 2020-05-17 00:31:24,851 - root - INFO - 2020-05-15 - PAM C. ADR ULT CIERRE 10.93 C. Loc ULT CIERRE 53.70 
 2020-05-17 00:31:25,268 - root - INFO - 2020-05-15 - SUPV C. ADR ULT CIERRE 1.95 C. Loc ULT CIERRE 49.05 
 2020-05-17 00:31:25,736 - root - INFO - 2020-05-15 - TEO C. ADR ULT CIERRE 7.55 C. Loc ULT CIERRE 189.25 
 2020-05-17 00:31:26,192 - root - INFO - 2020-05-15 - TGS C. ADR ULT CIERRE 5.18 C. Loc ULT CIERRE 126.80 
 2020-05-17 00:31:26,657 - root - INFO - 2020-05-15 - YPF C. ADR ULT CIERRE 4.14 C. Loc ULT CIERRE 510.95 
 2020-05-17 00:31:26,658 - root - INFO - GGAL.BA C. ADR: 8.40 C. Loc: 102.85 Fac.: 10 CCL: 122.44 
 2020-05-17 00:31:26,658 - root - INFO - YPFD.BA C. ADR: 4.14 C. Loc: 510.95 Fac.: 1 CCL: 123.42 
 2020-05-17 00:31:26,658 - root - INFO - BMA.BA C. ADR: 18.72 C. Loc: 228.15 Fac.: 10 CCL: 121.88 
 2020-05-17 00:31:26,658 - root - INFO - PAMP.BA C. ADR: 10.93 C. Loc: 53.70 Fac.: 25 CCL: 122.83 
 2020-05-17 00:31:26,658 - root - INFO - 

**CCL al cierre anterior: (GGAL, YPFD, BMA, PAMP) Promedio: 122.64 
 2020-05-17 00:31:26,658 - root - INFO - Calculando CCL al cierre anterior 
 2020-05-17 00:31:26,659 - root - INFO - Arranca larva:  
 2020-05-17 00:31:28,116 - root - INFO - NO HAY COMPRAS HECHAS 
 2020-05-17 00:31:28,116 - root - INFO - BBAR		 C LOCAL ACTUAL 139.75		 C ADR ACTUAL: 3.38		 C LOC. ARBI: 138.17		 DIF: -1.58		 VAR: -1.13% 
 2020-05-17 00:32:06,782 - root - INFO - INICIANDO LARVA 17/05/2020 00:32:06 
 2020-05-17 00:32:06,782 - root - INFO - cargar_cotiz: Cargando cotizaciones ultimo cierre. 
 2020-05-17 00:32:07,225 - root - INFO - 2020-05-15 - BBAR C. ADR ULT CIERRE 3.38 C. Loc ULT CIERRE 139.75 
 2020-05-17 00:32:07,684 - root - INFO - 2020-05-15 - BMA C. ADR ULT CIERRE 18.72 C. Loc ULT CIERRE 228.15 
 2020-05-17 00:32:08,118 - root - INFO - 2020-05-15 - CEPU C. ADR ULT CIERRE 2.95 C. Loc ULT CIERRE 35.50 
 2020-05-17 00:32:08,577 - root - INFO - 2020-05-15 - CRESY C. ADR ULT CIERRE 3.22 C. Loc ULT CIERRE 40.90 
 2020-05-17 00:32:08,968 - root - INFO - 2020-05-15 - EDN C. ADR ULT CIERRE 3.35 C. Loc ULT CIERRE 20.25 
 2020-05-17 00:32:09,424 - root - INFO - 2020-05-15 - GGAL C. ADR ULT CIERRE 8.40 C. Loc ULT CIERRE 102.85 
 2020-05-17 00:32:09,881 - root - INFO - 2020-05-15 - LOMA C. ADR ULT CIERRE 3.89 C. Loc ULT CIERRE 96.50 
 2020-05-17 00:32:10,351 - root - INFO - 2020-05-15 - PAM C. ADR ULT CIERRE 10.93 C. Loc ULT CIERRE 53.70 
 2020-05-17 00:32:10,766 - root - INFO - 2020-05-15 - SUPV C. ADR ULT CIERRE 1.95 C. Loc ULT CIERRE 49.05 
 2020-05-17 00:32:11,260 - root - INFO - 2020-05-15 - TEO C. ADR ULT CIERRE 7.55 C. Loc ULT CIERRE 189.25 
 2020-05-17 00:32:11,723 - root - INFO - 2020-05-15 - TGS C. ADR ULT CIERRE 5.18 C. Loc ULT CIERRE 126.80 
 2020-05-17 00:32:12,196 - root - INFO - 2020-05-15 - YPF C. ADR ULT CIERRE 4.14 C. Loc ULT CIERRE 510.95 
 2020-05-17 00:32:12,196 - root - INFO - GGAL.BA C. ADR: 8.40 C. Loc: 102.85 Fac.: 10 CCL: 122.44 
 2020-05-17 00:32:12,196 - root - INFO - YPFD.BA C. ADR: 4.14 C. Loc: 510.95 Fac.: 1 CCL: 123.42 
 2020-05-17 00:32:12,196 - root - INFO - BMA.BA C. ADR: 18.72 C. Loc: 228.15 Fac.: 10 CCL: 121.88 
 2020-05-17 00:32:12,196 - root - INFO - PAMP.BA C. ADR: 10.93 C. Loc: 53.70 Fac.: 25 CCL: 122.83 
 2020-05-17 00:32:12,197 - root - INFO - 

**CCL al cierre anterior: (GGAL, YPFD, BMA, PAMP) Promedio: 122.64 
 2020-05-17 00:32:12,197 - root - INFO - Calculando CCL al cierre anterior 
 2020-05-17 00:32:12,197 - root - INFO - Arranca larva:  
 2020-05-17 00:32:13,679 - root - INFO - NO HAY COMPRAS HECHAS 
 2020-05-17 00:32:13,679 - root - INFO - BBAR		 C LOCAL ACTUAL 139.75		 C ADR ACTUAL: 3.38		 C LOC. ARBI: 138.17		 DIF: -1.58		 VAR: -1.13% 
 2020-05-17 00:32:14,711 - root - INFO - NO HAY COMPRAS HECHAS 
 2020-05-17 00:32:14,711 - root - INFO - BMA		 C LOCAL ACTUAL 228.15		 C ADR ACTUAL: 18.76		 C LOC. ARBI: 229.58		 DIF: 1.43		 VAR: 0.63% 
 2020-05-17 00:32:15,761 - root - INFO - NO HAY COMPRAS HECHAS 
 2020-05-17 00:32:15,761 - root - INFO - CEPU		 C LOCAL ACTUAL 35.50		 C ADR ACTUAL: 2.94		 C LOC. ARBI: 36.18		 DIF: 0.68		 VAR: 1.91% 
 2020-05-17 00:32:16,771 - root - INFO - NO HAY COMPRAS HECHAS 
 2020-05-17 00:32:16,771 - root - INFO - CRES		 C LOCAL ACTUAL 40.90		 C ADR ACTUAL: 3.22		 C LOC. ARBI: 39.49		 DIF: -1.41		 VAR: -3.45% 
 2020-05-17 00:32:17,769 - root - INFO - NO HAY COMPRAS HECHAS 
 2020-05-17 00:32:17,769 - root - INFO - EDN		 C LOCAL ACTUAL 20.25		 C ADR ACTUAL: 3.32		 C LOC. ARBI: 20.54		 DIF: 0.29		 VAR: 1.44% 
 2020-05-17 00:32:18,789 - root - INFO - NO HAY COMPRAS HECHAS 
 2020-05-17 00:32:18,789 - root - INFO - GGAL		 C LOCAL ACTUAL 102.85		 C ADR ACTUAL: 8.39		 C LOC. ARBI: 103.02		 DIF: 0.17		 VAR: 0.16% 
 2020-05-17 00:32:19,816 - root - INFO - NO HAY COMPRAS HECHAS 
 2020-05-17 00:32:19,816 - root - INFO - LOMA		 C LOCAL ACTUAL 96.50		 C ADR ACTUAL: 3.88		 C LOC. ARBI: 95.41		 DIF: -1.09		 VAR: -1.13% 
 2020-05-17 00:32:20,825 - root - INFO - NO HAY COMPRAS HECHAS 
 2020-05-17 00:32:20,826 - root - INFO - PAMP		 C LOCAL ACTUAL 53.70		 C ADR ACTUAL: 10.93		 C LOC. ARBI: 53.62		 DIF: -0.08		 VAR: -0.15% 
 2020-05-17 00:32:21,858 - root - INFO - NO HAY COMPRAS HECHAS 
 2020-05-17 00:32:21,858 - root - INFO - SUPV		 C LOCAL ACTUAL 49.05		 C ADR ACTUAL: 1.95		 C LOC. ARBI: 47.83		 DIF: -1.22		 VAR: -2.49% 
 2020-05-17 00:32:22,895 - root - INFO - NO HAY COMPRAS HECHAS 
 2020-05-17 00:32:22,895 - root - INFO - TECO2		 C LOCAL ACTUAL 189.25		 C ADR ACTUAL: 7.57		 C LOC. ARBI: 185.19		 DIF: -4.06		 VAR: -2.15% 
 2020-05-17 00:32:23,882 - root - INFO - NO HAY COMPRAS HECHAS 
 2020-05-17 00:32:23,882 - root - INFO - TGSU2		 C LOCAL ACTUAL 126.80		 C ADR ACTUAL: 5.20		 C LOC. ARBI: 127.06		 DIF: 0.26		 VAR: 0.20% 
 2020-05-17 00:32:24,906 - root - INFO - NO HAY COMPRAS HECHAS 
 2020-05-17 00:32:24,906 - root - INFO - YPFD		 C LOCAL ACTUAL 510.95		 C ADR ACTUAL: 4.16		 C LOC. ARBI: 507.73		 DIF: -3.22		 VAR: -0.63% 
 2020-05-17 00:32:35,892 - root - INFO - NO HAY COMPRAS HECHAS 
 2020-05-17 00:32:35,892 - root - INFO - BBAR		 C LOCAL ACTUAL 139.75		 C ADR ACTUAL: 3.38		 C LOC. ARBI: 138.17		 DIF: -1.58		 VAR: -1.13% 
 2020-05-17 00:32:36,893 - root - INFO - NO HAY COMPRAS HECHAS 
 2020-05-17 00:32:36,894 - root - INFO - BMA		 C LOCAL ACTUAL 228.15		 C ADR ACTUAL: 18.76		 C LOC. ARBI: 229.58		 DIF: 1.43		 VAR: 0.63% 
 2020-05-17 00:32:37,913 - root - INFO - NO HAY COMPRAS HECHAS 
 2020-05-17 00:32:37,913 - root - INFO - CEPU		 C LOCAL ACTUAL 35.50		 C ADR ACTUAL: 2.94		 C LOC. ARBI: 36.18		 DIF: 0.68		 VAR: 1.91% 
 2020-05-17 00:32:38,908 - root - INFO - NO HAY COMPRAS HECHAS 
 2020-05-17 00:32:38,908 - root - INFO - CRES		 C LOCAL ACTUAL 40.90		 C ADR ACTUAL: 3.22		 C LOC. ARBI: 39.49		 DIF: -1.41		 VAR: -3.45% 
 2020-05-17 00:32:39,912 - root - INFO - NO HAY COMPRAS HECHAS 
 2020-05-17 00:32:39,913 - root - INFO - EDN		 C LOCAL ACTUAL 20.25		 C ADR ACTUAL: 3.32		 C LOC. ARBI: 20.54		 DIF: 0.29		 VAR: 1.44% 
 2020-05-17 00:32:40,929 - root - INFO - NO HAY COMPRAS HECHAS 
 2020-05-17 00:32:40,929 - root - INFO - GGAL		 C LOCAL ACTUAL 102.85		 C ADR ACTUAL: 8.39		 C LOC. ARBI: 103.02		 DIF: 0.17		 VAR: 0.16% 
 2020-05-17 00:32:41,928 - root - INFO - NO HAY COMPRAS HECHAS 
 2020-05-17 00:32:41,929 - root - INFO - LOMA		 C LOCAL ACTUAL 96.50		 C ADR ACTUAL: 3.88		 C LOC. ARBI: 95.41		 DIF: -1.09		 VAR: -1.13% 
 2020-05-17 00:32:42,921 - root - INFO - NO HAY COMPRAS HECHAS 
 2020-05-17 00:32:42,921 - root - INFO - PAMP		 C LOCAL ACTUAL 53.70		 C ADR ACTUAL: 10.93		 C LOC. ARBI: 53.62		 DIF: -0.08		 VAR: -0.15% 
 2020-05-17 00:32:44,010 - root - INFO - NO HAY COMPRAS HECHAS 
 2020-05-17 00:32:44,011 - root - INFO - SUPV		 C LOCAL ACTUAL 49.05		 C ADR ACTUAL: 1.95		 C LOC. ARBI: 47.83		 DIF: -1.22		 VAR: -2.49% 
 2020-05-17 00:32:45,008 - root - INFO - NO HAY COMPRAS HECHAS 
 2020-05-17 00:32:45,008 - root - INFO - TECO2		 C LOCAL ACTUAL 189.25		 C ADR ACTUAL: 7.57		 C LOC. ARBI: 185.19		 DIF: -4.06		 VAR: -2.15% 
 2020-05-17 00:32:46,050 - root - INFO - NO HAY COMPRAS HECHAS 
 2020-05-17 00:32:46,051 - root - INFO - TGSU2		 C LOCAL ACTUAL 126.80		 C ADR ACTUAL: 5.20		 C LOC. ARBI: 127.06		 DIF: 0.26		 VAR: 0.20% 
 2020-05-17 00:32:47,089 - root - INFO - NO HAY COMPRAS HECHAS 
 2020-05-17 00:32:47,090 - root - INFO - YPFD		 C LOCAL ACTUAL 510.95		 C ADR ACTUAL: 4.16		 C LOC. ARBI: 507.73		 DIF: -3.22		 VAR: -0.63% 
