INFO:root:INICIANDO LARVA 18/05/2020 22:14:30
INFO:root:cargar_cotiz: Cargando cotizaciones ultimo cierre.
INFO:root:2020-05-15 - BBAR C. ADR ULT CIERRE 3.38 C. Loc ULT CIERRE 142.05
INFO:root:2020-05-15 - BMA C. ADR ULT CIERRE 18.72 C. Loc ULT CIERRE 228.15
INFO:root:2020-05-15 - CEPU C. ADR ULT CIERRE 2.95 C. Loc ULT CIERRE 35.50
INFO:root:2020-05-15 - CRESY C. ADR ULT CIERRE 3.22 C. Loc ULT CIERRE 40.90
INFO:root:2020-05-15 - EDN C. ADR ULT CIERRE 3.35 C. Loc ULT CIERRE 20.25
INFO:root:2020-05-15 - GGAL C. ADR ULT CIERRE 8.40 C. Loc ULT CIERRE 102.85
INFO:root:2020-05-15 - LOMA C. ADR ULT CIERRE 3.89 C. Loc ULT CIERRE 96.50
INFO:root:2020-05-15 - PAM C. ADR ULT CIERRE 10.93 C. Loc ULT CIERRE 53.70
INFO:root:2020-05-15 - SUPV C. ADR ULT CIERRE 1.95 C. Loc ULT CIERRE 49.05
INFO:root:2020-05-15 - TEO C. ADR ULT CIERRE 7.55 C. Loc ULT CIERRE 189.25
INFO:root:2020-05-15 - TGS C. ADR ULT CIERRE 5.18 C. Loc ULT CIERRE 127.50
INFO:root:2020-05-15 - YPF C. ADR ULT CIERRE 4.14 C. Loc ULT CIERRE 510.95
INFO:root:GGAL.BA C. ADR: 8.40 C. Loc: 102.85 Fac.: 10 CCL: 122.44
INFO:root:YPFD.BA C. ADR: 4.14 C. Loc: 510.95 Fac.: 1 CCL: 123.42
INFO:root:BMA.BA C. ADR: 18.72 C. Loc: 228.15 Fac.: 10 CCL: 121.88
INFO:root:PAMP.BA C. ADR: 10.93 C. Loc: 53.70 Fac.: 25 CCL: 122.83
INFO:root:

**CCL al cierre anterior: (GGAL, YPFD, BMA, PAMP) Promedio: 122.64
INFO:root:Calculando CCL al cierre anterior
INFO:root:Arranca larva: 
INFO:root:Compras hechas: 1.00
INFO:root:Reviso todos as compras y miro si alcanzo el valorVentaMin
INFO:root:Ticker: CEPU Precio Actual: 35.75 Objetivo: 36.03
INFO:root:BBAR		 C LOCAL ACTUAL 145.00		 C ADR ACTUAL: 3.61		 C LOC. ARBI: 138.17		 DIF: -6.83		 VAR: -4.71%
INFO:root:Compras hechas: 1.00
INFO:root:Reviso todos as compras y miro si alcanzo el valorVentaMin
INFO:root:BMA		 C LOCAL ACTUAL 231.10		 C ADR ACTUAL: 19.33		 C LOC. ARBI: 229.58		 DIF: -1.52		 VAR: -0.66%
INFO:root:Ticker: CEPU Precio Actual: 35.75 Objetivo: 36.03
INFO:root:CEPU		 C LOCAL ACTUAL 35.75		 C ADR ACTUAL: 2.96		 C LOC. ARBI: 36.18		 DIF: 0.43		 VAR: 1.20%
INFO:root:Compras hechas: 1.00
INFO:root:Reviso todos as compras y miro si alcanzo el valorVentaMin
INFO:root:CRES		 C LOCAL ACTUAL 41.50		 C ADR ACTUAL: 3.42		 C LOC. ARBI: 39.49		 DIF: -2.01		 VAR: -4.84%
INFO:root:Ticker: CEPU Precio Actual: 35.75 Objetivo: 36.03
INFO:root:EDN		 C LOCAL ACTUAL 20.80		 C ADR ACTUAL: 3.45		 C LOC. ARBI: 20.54		 DIF: -0.26		 VAR: -1.24%
INFO:root:Compras hechas: 1.00
INFO:root:Reviso todos as compras y miro si alcanzo el valorVentaMin
INFO:root:GGAL		 C LOCAL ACTUAL 106.80		 C ADR ACTUAL: 8.91		 C LOC. ARBI: 103.02		 DIF: -3.78		 VAR: -3.54%
INFO:root:Ticker: CEPU Precio Actual: 35.75 Objetivo: 36.03
INFO:root:LOMA		 C LOCAL ACTUAL 99.80		 C ADR ACTUAL: 4.17		 C LOC. ARBI: 95.41		 DIF: -4.39		 VAR: -4.39%
INFO:root:Compras hechas: 1.00
INFO:root:Reviso todos as compras y miro si alcanzo el valorVentaMin
INFO:root:PAMP		 C LOCAL ACTUAL 55.45		 C ADR ACTUAL: 11.68		 C LOC. ARBI: 53.62		 DIF: -1.83		 VAR: -3.30%
INFO:root:Ticker: CEPU Precio Actual: 35.75 Objetivo: 36.03
INFO:root:Compras hechas: 1.00
INFO:root:Reviso todos as compras y miro si alcanzo el valorVentaMin
INFO:root:SUPV		 C LOCAL ACTUAL 50.85		 C ADR ACTUAL: 2.08		 C LOC. ARBI: 47.83		 DIF: -3.02		 VAR: -5.94%
INFO:root:Ticker: CEPU Precio Actual: 35.75 Objetivo: 36.03
INFO:root:TECO2		 C LOCAL ACTUAL 194.00		 C ADR ACTUAL: 8.01		 C LOC. ARBI: 185.19		 DIF: -8.81		 VAR: -4.54%
INFO:root:Compras hechas: 1.00
INFO:root:Reviso todos as compras y miro si alcanzo el valorVentaMin
INFO:root:Ticker: CEPU Precio Actual: 35.75 Objetivo: 36.03
INFO:root:TGSU2		 C LOCAL ACTUAL 128.75		 C ADR ACTUAL: 5.43		 C LOC. ARBI: 127.06		 DIF: -1.69		 VAR: -1.32%
INFO:root:YPFD		 C LOCAL ACTUAL 528.00		 C ADR ACTUAL: 4.36		 C LOC. ARBI: 507.73		 DIF: -20.27		 VAR: -3.84%
INFO:root:Compras hechas: 1.00
INFO:root:Reviso todos as compras y miro si alcanzo el valorVentaMin
INFO:root:Ticker: CEPU Precio Actual: 35.75 Objetivo: 36.03
INFO:root:Compras hechas: 1.00
INFO:root:Reviso todos as compras y miro si alcanzo el valorVentaMin
INFO:root:Ticker: CEPU Precio Actual: 35.75 Objetivo: 36.03
INFO:root:Compras hechas: 1.00
INFO:root:Reviso todos as compras y miro si alcanzo el valorVentaMin
INFO:root:Ticker: CEPU Precio Actual: 35.75 Objetivo: 36.03
INFO:root:Compras hechas: 1.00
INFO:root:Reviso todos as compras y miro si alcanzo el valorVentaMin
INFO:root:Ticker: CEPU Precio Actual: 35.75 Objetivo: 36.03
INFO:root:Compras hechas: 1.00
INFO:root:Reviso todos as compras y miro si alcanzo el valorVentaMin
INFO:root:Ticker: CEPU Precio Actual: 35.75 Objetivo: 36.03
INFO:root:Compras hechas: 1.00
INFO:root:Reviso todos as compras y miro si alcanzo el valorVentaMin
INFO:root:Ticker: CEPU Precio Actual: 35.75 Objetivo: 36.03
INFO:root:Compras hechas: 1.00
INFO:root:Reviso todos as compras y miro si alcanzo el valorVentaMin
INFO:root:Ticker: CEPU Precio Actual: 35.75 Objetivo: 36.03
INFO:root:Compras hechas: 1.00
INFO:root:Reviso todos as compras y miro si alcanzo el valorVentaMin
INFO:root:Ticker: CEPU Precio Actual: 35.75 Objetivo: 36.03
INFO:root:Compras hechas: 1.00
INFO:root:Reviso todos as compras y miro si alcanzo el valorVentaMin
INFO:root:Ticker: CEPU Precio Actual: 35.75 Objetivo: 36.03
INFO:root:Compras hechas: 1.00
INFO:root:Reviso todos as compras y miro si alcanzo el valorVentaMin
INFO:root:Ticker: CEPU Precio Actual: 35.75 Objetivo: 36.03
INFO:root:Compras hechas: 1.00
INFO:root:Reviso todos as compras y miro si alcanzo el valorVentaMin
INFO:root:Ticker: CEPU Precio Actual: 35.75 Objetivo: 36.03
INFO:root:Compras hechas: 1.00
INFO:root:Reviso todos as compras y miro si alcanzo el valorVentaMin
INFO:root:Ticker: CEPU Precio Actual: 35.75 Objetivo: 36.03
INFO:root:Compras hechas: 1.00
INFO:root:Reviso todos as compras y miro si alcanzo el valorVentaMin
INFO:root:Ticker: CEPU Precio Actual: 35.75 Objetivo: 36.03
INFO:root:Compras hechas: 1.00
INFO:root:Reviso todos as compras y miro si alcanzo el valorVentaMin
INFO:root:Ticker: CEPU Precio Actual: 35.75 Objetivo: 36.03
INFO:root:Compras hechas: 1.00
INFO:root:Reviso todos as compras y miro si alcanzo el valorVentaMin
INFO:root:Ticker: CEPU Precio Actual: 35.75 Objetivo: 36.03
INFO:root:Compras hechas: 1.00
INFO:root:Reviso todos as compras y miro si alcanzo el valorVentaMin
INFO:root:Ticker: CEPU Precio Actual: 35.75 Objetivo: 36.03
INFO:root:Compras hechas: 1.00
INFO:root:Reviso todos as compras y miro si alcanzo el valorVentaMin
INFO:root:Ticker: CEPU Precio Actual: 35.75 Objetivo: 36.03
INFO:root:Compras hechas: 1.00
INFO:root:Reviso todos as compras y miro si alcanzo el valorVentaMin
INFO:root:Ticker: CEPU Precio Actual: 35.75 Objetivo: 36.03
INFO:root:Compras hechas: 1.00
INFO:root:Reviso todos as compras y miro si alcanzo el valorVentaMin
INFO:root:Ticker: CEPU Precio Actual: 35.75 Objetivo: 36.03
INFO:root:Compras hechas: 1.00
INFO:root:Reviso todos as compras y miro si alcanzo el valorVentaMin
INFO:root:Ticker: CEPU Precio Actual: 35.75 Objetivo: 36.03
INFO:root:Compras hechas: 1.00
INFO:root:Reviso todos as compras y miro si alcanzo el valorVentaMin
INFO:root:Ticker: CEPU Precio Actual: 35.75 Objetivo: 36.03
INFO:root:Compras hechas: 1.00
INFO:root:Reviso todos as compras y miro si alcanzo el valorVentaMin
INFO:root:Ticker: CEPU Precio Actual: 35.75 Objetivo: 36.03
INFO:root:Compras hechas: 1.00
INFO:root:Reviso todos as compras y miro si alcanzo el valorVentaMin
INFO:root:Ticker: CEPU Precio Actual: 35.75 Objetivo: 36.03
INFO:root:Compras hechas: 1.00
INFO:root:Reviso todos as compras y miro si alcanzo el valorVentaMin
INFO:root:Ticker: CEPU Precio Actual: 35.75 Objetivo: 36.03
INFO:root:Compras hechas: 1.00
INFO:root:Reviso todos as compras y miro si alcanzo el valorVentaMin
INFO:root:Ticker: CEPU Precio Actual: 35.75 Objetivo: 36.03
INFO:root:Compras hechas: 1.00
INFO:root:Reviso todos as compras y miro si alcanzo el valorVentaMin
INFO:root:Ticker: CEPU Precio Actual: 35.75 Objetivo: 36.03
INFO:root:Compras hechas: 1.00
INFO:root:Reviso todos as compras y miro si alcanzo el valorVentaMin
INFO:root:Ticker: CEPU Precio Actual: 35.75 Objetivo: 36.03
INFO:root:Compras hechas: 1.00
INFO:root:Reviso todos as compras y miro si alcanzo el valorVentaMin
INFO:root:Ticker: CEPU Precio Actual: 35.75 Objetivo: 36.03
INFO:root:Compras hechas: 1.00
INFO:root:Reviso todos as compras y miro si alcanzo el valorVentaMin
INFO:root:Ticker: CEPU Precio Actual: 35.75 Objetivo: 36.03
INFO:root:Compras hechas: 1.00
INFO:root:Reviso todos as compras y miro si alcanzo el valorVentaMin
INFO:root:Ticker: CEPU Precio Actual: 35.75 Objetivo: 36.03
INFO:root:Compras hechas: 1.00
INFO:root:Reviso todos as compras y miro si alcanzo el valorVentaMin
INFO:root:Ticker: CEPU Precio Actual: 35.75 Objetivo: 36.03
INFO:root:Compras hechas: 1.00
INFO:root:Reviso todos as compras y miro si alcanzo el valorVentaMin
INFO:root:Ticker: CEPU Precio Actual: 35.75 Objetivo: 36.03
INFO:root:Compras hechas: 1.00
INFO:root:Reviso todos as compras y miro si alcanzo el valorVentaMin
INFO:root:Ticker: CEPU Precio Actual: 35.75 Objetivo: 36.03
INFO:root:Compras hechas: 1.00
INFO:root:Reviso todos as compras y miro si alcanzo el valorVentaMin
INFO:root:Ticker: CEPU Precio Actual: 35.75 Objetivo: 36.03
INFO:root:Compras hechas: 1.00
INFO:root:Reviso todos as compras y miro si alcanzo el valorVentaMin
INFO:root:Ticker: CEPU Precio Actual: 35.75 Objetivo: 36.03
INFO:root:Compras hechas: 1.00
INFO:root:Reviso todos as compras y miro si alcanzo el valorVentaMin
INFO:root:Ticker: CEPU Precio Actual: 35.75 Objetivo: 36.03
INFO:root:Compras hechas: 1.00
INFO:root:Reviso todos as compras y miro si alcanzo el valorVentaMin
INFO:root:Ticker: CEPU Precio Actual: 35.75 Objetivo: 36.03
INFO:root:Compras hechas: 1.00
INFO:root:Reviso todos as compras y miro si alcanzo el valorVentaMin
INFO:root:Ticker: CEPU Precio Actual: 35.75 Objetivo: 36.03
INFO:root:Compras hechas: 1.00
INFO:root:Reviso todos as compras y miro si alcanzo el valorVentaMin
INFO:root:Ticker: CEPU Precio Actual: 35.75 Objetivo: 36.03
INFO:root:Compras hechas: 1.00
INFO:root:Reviso todos as compras y miro si alcanzo el valorVentaMin
INFO:root:Ticker: CEPU Precio Actual: 35.75 Objetivo: 36.03
INFO:root:Compras hechas: 1.00
INFO:root:Reviso todos as compras y miro si alcanzo el valorVentaMin
INFO:root:Ticker: CEPU Precio Actual: 35.75 Objetivo: 36.03
INFO:root:Compras hechas: 1.00
INFO:root:Reviso todos as compras y miro si alcanzo el valorVentaMin
INFO:root:Ticker: CEPU Precio Actual: 35.75 Objetivo: 36.03
INFO:root:Compras hechas: 1.00
INFO:root:Reviso todos as compras y miro si alcanzo el valorVentaMin
 2020-05-18 22:22:06,479 - root - INFO - INICIANDO LARVA 18/05/2020 22:22:06 
 2020-05-18 22:22:06,481 - root - INFO - cargar_cotiz: Cargando cotizaciones ultimo cierre. 
 2020-05-18 22:22:07,368 - root - INFO - 2020-05-15 - BBAR C. ADR ULT CIERRE 3.38 C. Loc ULT CIERRE 142.05 
 2020-05-18 22:22:08,115 - root - INFO - 2020-05-15 - BMA C. ADR ULT CIERRE 18.72 C. Loc ULT CIERRE 228.15 
 2020-05-18 22:22:08,835 - root - INFO - 2020-05-15 - CEPU C. ADR ULT CIERRE 2.95 C. Loc ULT CIERRE 35.50 
 2020-05-18 22:22:09,498 - root - INFO - 2020-05-15 - CRESY C. ADR ULT CIERRE 3.22 C. Loc ULT CIERRE 40.90 
 2020-05-18 22:22:10,538 - root - INFO - 2020-05-15 - EDN C. ADR ULT CIERRE 3.35 C. Loc ULT CIERRE 20.25 
 2020-05-18 22:22:11,248 - root - INFO - 2020-05-15 - GGAL C. ADR ULT CIERRE 8.40 C. Loc ULT CIERRE 102.85 
 2020-05-18 22:22:12,007 - root - INFO - 2020-05-15 - LOMA C. ADR ULT CIERRE 3.89 C. Loc ULT CIERRE 96.50 
 2020-05-18 22:22:12,642 - root - INFO - 2020-05-15 - PAM C. ADR ULT CIERRE 10.93 C. Loc ULT CIERRE 53.70 
 2020-05-18 22:22:13,952 - root - INFO - 2020-05-15 - SUPV C. ADR ULT CIERRE 1.95 C. Loc ULT CIERRE 49.05 
 2020-05-18 22:22:14,636 - root - INFO - 2020-05-15 - TEO C. ADR ULT CIERRE 7.55 C. Loc ULT CIERRE 189.25 
 2020-05-18 22:22:15,870 - root - INFO - 2020-05-15 - TGS C. ADR ULT CIERRE 5.18 C. Loc ULT CIERRE 127.50 
 2020-05-18 22:22:16,615 - root - INFO - 2020-05-15 - YPF C. ADR ULT CIERRE 4.14 C. Loc ULT CIERRE 510.95 
 2020-05-18 22:22:16,616 - root - INFO - GGAL.BA C. ADR: 8.40 C. Loc: 102.85 Fac.: 10 CCL: 122.44 
 2020-05-18 22:22:16,616 - root - INFO - YPFD.BA C. ADR: 4.14 C. Loc: 510.95 Fac.: 1 CCL: 123.42 
 2020-05-18 22:22:16,616 - root - INFO - BMA.BA C. ADR: 18.72 C. Loc: 228.15 Fac.: 10 CCL: 121.88 
 2020-05-18 22:22:16,616 - root - INFO - PAMP.BA C. ADR: 10.93 C. Loc: 53.70 Fac.: 25 CCL: 122.83 
 2020-05-18 22:22:16,617 - root - INFO - 

**CCL al cierre anterior: (GGAL, YPFD, BMA, PAMP) Promedio: 122.64 
 2020-05-18 22:22:16,617 - root - INFO - Calculando CCL al cierre anterior 
 2020-05-18 22:22:16,619 - root - INFO - Arranca larva:  
 2020-05-18 22:22:20,619 - root - INFO - Compras hechas: 1.00 
 2020-05-18 22:22:20,619 - root - INFO - Reviso todos as compras y miro si alcanzo el valorVentaMin 
 2020-05-18 22:22:21,333 - root - INFO - Ticker: CEPU Precio Actual: 35.75 Objetivo: 36.03 
 2020-05-18 22:22:22,082 - root - INFO - BBAR		 C LOCAL ACTUAL 145.00		 C ADR ACTUAL: 3.61		 C LOC. ARBI: 138.17		 DIF: -6.83		 VAR: -4.71% 
 2020-05-18 22:22:23,338 - root - INFO - Compras hechas: 1.00 
 2020-05-18 22:22:23,338 - root - INFO - Reviso todos as compras y miro si alcanzo el valorVentaMin 
 2020-05-18 22:22:23,579 - root - INFO - BMA		 C LOCAL ACTUAL 231.10		 C ADR ACTUAL: 19.33		 C LOC. ARBI: 229.58		 DIF: -1.52		 VAR: -0.66% 
 2020-05-18 22:22:24,069 - root - INFO - Ticker: CEPU Precio Actual: 35.75 Objetivo: 36.03 
 2020-05-18 22:22:25,058 - root - INFO - CEPU		 C LOCAL ACTUAL 35.75		 C ADR ACTUAL: 2.96		 C LOC. ARBI: 36.18		 DIF: 0.43		 VAR: 1.20% 
 2020-05-18 22:22:26,073 - root - INFO - Compras hechas: 1.00 
 2020-05-18 22:22:26,074 - root - INFO - Reviso todos as compras y miro si alcanzo el valorVentaMin 
 2020-05-18 22:22:26,528 - root - INFO - CRES		 C LOCAL ACTUAL 41.50		 C ADR ACTUAL: 3.42		 C LOC. ARBI: 39.49		 DIF: -2.01		 VAR: -4.84% 
 2020-05-18 22:22:26,822 - root - INFO - Ticker: CEPU Precio Actual: 35.75 Objetivo: 36.03 
 2020-05-18 22:22:27,990 - root - INFO - EDN		 C LOCAL ACTUAL 20.80		 C ADR ACTUAL: 3.45		 C LOC. ARBI: 20.54		 DIF: -0.26		 VAR: -1.24% 
 2020-05-18 22:22:28,825 - root - INFO - Compras hechas: 1.00 
 2020-05-18 22:22:28,826 - root - INFO - Reviso todos as compras y miro si alcanzo el valorVentaMin 
 2020-05-18 22:22:29,467 - root - INFO - GGAL		 C LOCAL ACTUAL 106.80		 C ADR ACTUAL: 8.91		 C LOC. ARBI: 103.02		 DIF: -3.78		 VAR: -3.54% 
 2020-05-18 22:22:29,537 - root - INFO - Ticker: CEPU Precio Actual: 35.75 Objetivo: 36.03 
 2020-05-18 22:22:31,377 - root - INFO - LOMA		 C LOCAL ACTUAL 99.80		 C ADR ACTUAL: 4.17		 C LOC. ARBI: 95.41		 DIF: -4.39		 VAR: -4.39% 
 2020-05-18 22:22:31,540 - root - INFO - Compras hechas: 1.00 
 2020-05-18 22:22:31,540 - root - INFO - Reviso todos as compras y miro si alcanzo el valorVentaMin 
 2020-05-18 22:22:32,368 - root - INFO - Ticker: CEPU Precio Actual: 35.75 Objetivo: 36.03 
 2020-05-18 22:22:33,008 - root - INFO - PAMP		 C LOCAL ACTUAL 55.45		 C ADR ACTUAL: 11.68		 C LOC. ARBI: 53.62		 DIF: -1.83		 VAR: -3.30% 
 2020-05-18 22:22:34,370 - root - INFO - Compras hechas: 1.00 
 2020-05-18 22:22:34,371 - root - INFO - Reviso todos as compras y miro si alcanzo el valorVentaMin 
 2020-05-18 22:22:34,479 - root - INFO - SUPV		 C LOCAL ACTUAL 50.85		 C ADR ACTUAL: 2.08		 C LOC. ARBI: 47.83		 DIF: -3.02		 VAR: -5.94% 
 2020-05-18 22:22:35,092 - root - INFO - Ticker: CEPU Precio Actual: 35.75 Objetivo: 36.03 
 2020-05-18 22:22:35,986 - root - INFO - TECO2		 C LOCAL ACTUAL 194.00		 C ADR ACTUAL: 8.01		 C LOC. ARBI: 185.19		 DIF: -8.81		 VAR: -4.54% 
 2020-05-18 22:22:37,096 - root - INFO - Compras hechas: 1.00 
 2020-05-18 22:22:37,097 - root - INFO - Reviso todos as compras y miro si alcanzo el valorVentaMin 
 2020-05-18 22:22:37,799 - root - INFO - Ticker: CEPU Precio Actual: 35.75 Objetivo: 36.03 
 2020-05-18 22:22:37,861 - root - INFO - TGSU2		 C LOCAL ACTUAL 128.75		 C ADR ACTUAL: 5.43		 C LOC. ARBI: 127.06		 DIF: -1.69		 VAR: -1.32% 
 2020-05-18 22:22:39,284 - root - INFO - YPFD		 C LOCAL ACTUAL 528.00		 C ADR ACTUAL: 4.36		 C LOC. ARBI: 507.73		 DIF: -20.27		 VAR: -3.84% 
 2020-05-18 22:22:39,802 - root - INFO - Compras hechas: 1.00 
 2020-05-18 22:22:39,802 - root - INFO - Reviso todos as compras y miro si alcanzo el valorVentaMin 
 2020-05-18 22:22:40,519 - root - INFO - Ticker: CEPU Precio Actual: 35.75 Objetivo: 36.03 
 2020-05-18 22:22:42,521 - root - INFO - Compras hechas: 1.00 
 2020-05-18 22:22:42,521 - root - INFO - Reviso todos as compras y miro si alcanzo el valorVentaMin 
 2020-05-18 22:22:43,564 - root - INFO - Ticker: CEPU Precio Actual: 35.75 Objetivo: 36.03 
 2020-05-18 22:22:45,565 - root - INFO - Compras hechas: 1.00 
 2020-05-18 22:22:45,565 - root - INFO - Reviso todos as compras y miro si alcanzo el valorVentaMin 
 2020-05-18 22:22:46,276 - root - INFO - Ticker: CEPU Precio Actual: 35.75 Objetivo: 36.03 
 2020-05-18 22:22:48,279 - root - INFO - Compras hechas: 1.00 
 2020-05-18 22:22:48,279 - root - INFO - Reviso todos as compras y miro si alcanzo el valorVentaMin 
 2020-05-18 22:22:49,319 - root - INFO - Ticker: CEPU Precio Actual: 35.75 Objetivo: 36.03 
 2020-05-18 22:22:50,793 - root - INFO - BBAR		 C LOCAL ACTUAL 145.00		 C ADR ACTUAL: 3.61		 C LOC. ARBI: 138.17		 DIF: -6.83		 VAR: -4.71% 
 2020-05-18 22:22:51,322 - root - INFO - Compras hechas: 1.00 
 2020-05-18 22:22:51,323 - root - INFO - Reviso todos as compras y miro si alcanzo el valorVentaMin 
 2020-05-18 22:22:52,037 - root - INFO - Ticker: CEPU Precio Actual: 35.75 Objetivo: 36.03 
 2020-05-18 22:22:52,277 - root - INFO - BMA		 C LOCAL ACTUAL 231.10		 C ADR ACTUAL: 19.33		 C LOC. ARBI: 229.58		 DIF: -1.52		 VAR: -0.66% 
 2020-05-18 22:22:53,814 - root - INFO - CEPU		 C LOCAL ACTUAL 35.75		 C ADR ACTUAL: 2.96		 C LOC. ARBI: 36.18		 DIF: 0.43		 VAR: 1.20% 
 2020-05-18 22:22:54,041 - root - INFO - Compras hechas: 1.00 
 2020-05-18 22:22:54,042 - root - INFO - Reviso todos as compras y miro si alcanzo el valorVentaMin 
 2020-05-18 22:22:54,978 - root - INFO - Ticker: CEPU Precio Actual: 35.75 Objetivo: 36.03 
 2020-05-18 22:22:55,527 - root - INFO - CRES		 C LOCAL ACTUAL 41.50		 C ADR ACTUAL: 3.42		 C LOC. ARBI: 39.49		 DIF: -2.01		 VAR: -4.84% 
 2020-05-18 22:22:56,978 - root - INFO - Compras hechas: 1.00 
 2020-05-18 22:22:56,979 - root - INFO - Reviso todos as compras y miro si alcanzo el valorVentaMin 
 2020-05-18 22:22:57,049 - root - INFO - EDN		 C LOCAL ACTUAL 20.80		 C ADR ACTUAL: 3.45		 C LOC. ARBI: 20.54		 DIF: -0.26		 VAR: -1.24% 
 2020-05-18 22:22:58,704 - root - INFO - Ticker: CEPU Precio Actual: 35.75 Objetivo: 36.03 
 2020-05-18 22:22:59,436 - root - INFO - GGAL		 C LOCAL ACTUAL 106.80		 C ADR ACTUAL: 8.91		 C LOC. ARBI: 103.02		 DIF: -3.78		 VAR: -3.54% 
 2020-05-18 22:23:00,708 - root - INFO - Compras hechas: 1.00 
 2020-05-18 22:23:00,708 - root - INFO - Reviso todos as compras y miro si alcanzo el valorVentaMin 
 2020-05-18 22:23:00,888 - root - INFO - LOMA		 C LOCAL ACTUAL 99.80		 C ADR ACTUAL: 4.17		 C LOC. ARBI: 95.41		 DIF: -4.39		 VAR: -4.39% 
 2020-05-18 22:23:01,426 - root - INFO - Ticker: CEPU Precio Actual: 35.75 Objetivo: 36.03 
 2020-05-18 22:23:03,427 - root - INFO - Compras hechas: 1.00 
 2020-05-18 22:23:03,428 - root - INFO - Reviso todos as compras y miro si alcanzo el valorVentaMin 
 2020-05-18 22:23:04,249 - root - INFO - Ticker: CEPU Precio Actual: 35.75 Objetivo: 36.03 
 2020-05-18 22:23:06,250 - root - INFO - Compras hechas: 1.00 
 2020-05-18 22:23:06,251 - root - INFO - Reviso todos as compras y miro si alcanzo el valorVentaMin 
 2020-05-18 22:23:07,320 - root - INFO - Ticker: CEPU Precio Actual: 35.75 Objetivo: 36.03 
 2020-05-18 22:23:09,323 - root - INFO - Compras hechas: 1.00 
 2020-05-18 22:23:09,323 - root - INFO - Reviso todos as compras y miro si alcanzo el valorVentaMin 
 2020-05-18 22:23:10,394 - root - INFO - Ticker: CEPU Precio Actual: 35.75 Objetivo: 36.03 
 2020-05-18 22:23:12,398 - root - INFO - Compras hechas: 1.00 
 2020-05-18 22:23:12,399 - root - INFO - Reviso todos as compras y miro si alcanzo el valorVentaMin 
 2020-05-18 22:23:13,469 - root - INFO - Ticker: CEPU Precio Actual: 35.75 Objetivo: 36.03 
 2020-05-18 22:23:45,950 - __init__ - INFO - INICIANDO LARVA 18/05/2020 22:23:45 
 2020-05-18 22:23:45,953 - cargar_cotiz - INFO - cargar_cotiz: Cargando cotizaciones ultimo cierre. 
 2020-05-18 22:23:46,729 - cargar_cotiz - INFO - 2020-05-15 - BBAR C. ADR ULT CIERRE 3.38 C. Loc ULT CIERRE 142.05 
 2020-05-18 22:23:47,409 - cargar_cotiz - INFO - 2020-05-15 - BMA C. ADR ULT CIERRE 18.72 C. Loc ULT CIERRE 228.15 
 2020-05-18 22:23:48,142 - cargar_cotiz - INFO - 2020-05-15 - CEPU C. ADR ULT CIERRE 2.95 C. Loc ULT CIERRE 35.50 
 2020-05-18 22:23:48,860 - cargar_cotiz - INFO - 2020-05-15 - CRESY C. ADR ULT CIERRE 3.22 C. Loc ULT CIERRE 40.90 
 2020-05-18 22:23:49,535 - cargar_cotiz - INFO - 2020-05-15 - EDN C. ADR ULT CIERRE 3.35 C. Loc ULT CIERRE 20.25 
 2020-05-18 22:23:50,295 - cargar_cotiz - INFO - 2020-05-15 - GGAL C. ADR ULT CIERRE 8.40 C. Loc ULT CIERRE 102.85 
 2020-05-18 22:23:50,943 - cargar_cotiz - INFO - 2020-05-15 - LOMA C. ADR ULT CIERRE 3.89 C. Loc ULT CIERRE 96.50 
 2020-05-18 22:23:51,619 - cargar_cotiz - INFO - 2020-05-15 - PAM C. ADR ULT CIERRE 10.93 C. Loc ULT CIERRE 53.70 
 2020-05-18 22:23:52,272 - cargar_cotiz - INFO - 2020-05-15 - SUPV C. ADR ULT CIERRE 1.95 C. Loc ULT CIERRE 49.05 
 2020-05-18 22:23:52,971 - cargar_cotiz - INFO - 2020-05-15 - TEO C. ADR ULT CIERRE 7.55 C. Loc ULT CIERRE 189.25 
 2020-05-18 22:23:53,711 - cargar_cotiz - INFO - 2020-05-15 - TGS C. ADR ULT CIERRE 5.18 C. Loc ULT CIERRE 127.50 
 2020-05-18 22:23:54,435 - cargar_cotiz - INFO - 2020-05-15 - YPF C. ADR ULT CIERRE 4.14 C. Loc ULT CIERRE 510.95 
 2020-05-18 22:23:54,435 - calculo_ccl_AlCierreARG - INFO - GGAL.BA C. ADR: 8.40 C. Loc: 102.85 Fac.: 10 CCL: 122.44 
 2020-05-18 22:23:54,436 - calculo_ccl_AlCierreARG - INFO - YPFD.BA C. ADR: 4.14 C. Loc: 510.95 Fac.: 1 CCL: 123.42 
 2020-05-18 22:23:54,436 - calculo_ccl_AlCierreARG - INFO - BMA.BA C. ADR: 18.72 C. Loc: 228.15 Fac.: 10 CCL: 121.88 
 2020-05-18 22:23:54,437 - calculo_ccl_AlCierreARG - INFO - PAMP.BA C. ADR: 10.93 C. Loc: 53.70 Fac.: 25 CCL: 122.83 
 2020-05-18 22:23:54,437 - __init__ - INFO - 

**CCL al cierre anterior: (GGAL, YPFD, BMA, PAMP) Promedio: 122.64 
 2020-05-18 22:23:54,438 - cargar_ValoresArbitrados - INFO - Calculando CCL al cierre anterior 
 2020-05-18 22:23:54,444 - larva - INFO - Arranca larva:  
 2020-05-18 22:23:58,344 - worker_venta - INFO - Compras hechas: 1.00 
 2020-05-18 22:23:58,344 - xventa - INFO - Reviso todos as compras y miro si alcanzo el valorVentaMin 
 2020-05-18 22:23:59,075 - xventa - INFO - Ticker: CEPU Precio Actual: 35.75 Objetivo: 36.03 
 2020-05-18 22:23:59,785 - larva - INFO - BBAR		 C LOCAL ACTUAL 145.00		 C ADR ACTUAL: 3.61		 C LOC. ARBI: 138.17		 DIF: -6.83		 VAR: -4.71% 
 2020-05-18 22:24:01,076 - worker_venta - INFO - Compras hechas: 1.00 
 2020-05-18 22:24:01,076 - xventa - INFO - Reviso todos as compras y miro si alcanzo el valorVentaMin 
 2020-05-18 22:24:01,296 - larva - INFO - BMA		 C LOCAL ACTUAL 231.10		 C ADR ACTUAL: 19.33		 C LOC. ARBI: 229.58		 DIF: -1.52		 VAR: -0.66% 
 2020-05-18 22:24:01,846 - xventa - INFO - Ticker: CEPU Precio Actual: 35.75 Objetivo: 36.03 
 2020-05-18 22:24:02,824 - larva - INFO - CEPU		 C LOCAL ACTUAL 35.75		 C ADR ACTUAL: 2.96		 C LOC. ARBI: 36.18		 DIF: 0.43		 VAR: 1.20% 
 2020-05-18 22:24:03,851 - worker_venta - INFO - Compras hechas: 1.00 
 2020-05-18 22:24:03,852 - xventa - INFO - Reviso todos as compras y miro si alcanzo el valorVentaMin 
 2020-05-18 22:24:04,315 - larva - INFO - CRES		 C LOCAL ACTUAL 41.50		 C ADR ACTUAL: 3.42		 C LOC. ARBI: 39.49		 DIF: -2.01		 VAR: -4.84% 
 2020-05-18 22:24:04,626 - xventa - INFO - Ticker: CEPU Precio Actual: 35.75 Objetivo: 36.03 
 2020-05-18 22:24:05,791 - larva - INFO - EDN		 C LOCAL ACTUAL 20.80		 C ADR ACTUAL: 3.45		 C LOC. ARBI: 20.54		 DIF: -0.26		 VAR: -1.24% 
 2020-05-18 22:24:06,629 - worker_venta - INFO - Compras hechas: 1.00 
 2020-05-18 22:24:06,629 - xventa - INFO - Reviso todos as compras y miro si alcanzo el valorVentaMin 
 2020-05-18 22:24:07,275 - larva - INFO - GGAL		 C LOCAL ACTUAL 106.80		 C ADR ACTUAL: 8.91		 C LOC. ARBI: 103.02		 DIF: -3.78		 VAR: -3.54% 
 2020-05-18 22:24:07,356 - xventa - INFO - Ticker: CEPU Precio Actual: 35.75 Objetivo: 36.03 
 2020-05-18 22:24:08,758 - larva - INFO - LOMA		 C LOCAL ACTUAL 99.80		 C ADR ACTUAL: 4.17		 C LOC. ARBI: 95.41		 DIF: -4.39		 VAR: -4.39% 
 2020-05-18 22:24:09,359 - worker_venta - INFO - Compras hechas: 1.00 
 2020-05-18 22:24:09,359 - xventa - INFO - Reviso todos as compras y miro si alcanzo el valorVentaMin 
 2020-05-18 22:24:10,183 - xventa - INFO - Ticker: CEPU Precio Actual: 35.75 Objetivo: 36.03 
 2020-05-18 22:24:11,275 - larva - INFO - PAMP		 C LOCAL ACTUAL 55.45		 C ADR ACTUAL: 11.68		 C LOC. ARBI: 53.62		 DIF: -1.83		 VAR: -3.30% 
 2020-05-18 22:24:12,185 - worker_venta - INFO - Compras hechas: 1.00 
 2020-05-18 22:24:12,185 - xventa - INFO - Reviso todos as compras y miro si alcanzo el valorVentaMin 
 2020-05-18 22:24:12,755 - larva - INFO - SUPV		 C LOCAL ACTUAL 50.85		 C ADR ACTUAL: 2.08		 C LOC. ARBI: 47.83		 DIF: -3.02		 VAR: -5.94% 
 2020-05-18 22:24:12,928 - xventa - INFO - Ticker: CEPU Precio Actual: 35.75 Objetivo: 36.03 
 2020-05-18 22:24:14,615 - larva - INFO - TECO2		 C LOCAL ACTUAL 194.00		 C ADR ACTUAL: 8.01		 C LOC. ARBI: 185.19		 DIF: -8.81		 VAR: -4.54% 
 2020-05-18 22:24:14,931 - worker_venta - INFO - Compras hechas: 1.00 
 2020-05-18 22:24:14,932 - xventa - INFO - Reviso todos as compras y miro si alcanzo el valorVentaMin 
 2020-05-18 22:24:16,106 - larva - INFO - TGSU2		 C LOCAL ACTUAL 128.75		 C ADR ACTUAL: 5.43		 C LOC. ARBI: 127.06		 DIF: -1.69		 VAR: -1.32% 
 2020-05-18 22:24:18,182 - xventa - INFO - Ticker: CEPU Precio Actual: 35.75 Objetivo: 36.03 
 2020-05-18 22:24:18,912 - larva - INFO - YPFD		 C LOCAL ACTUAL 528.00		 C ADR ACTUAL: 4.36		 C LOC. ARBI: 507.73		 DIF: -20.27		 VAR: -3.84% 
 2020-05-18 22:24:20,183 - worker_venta - INFO - Compras hechas: 1.00 
 2020-05-18 22:24:20,183 - xventa - INFO - Reviso todos as compras y miro si alcanzo el valorVentaMin 
 2020-05-18 22:24:21,254 - xventa - INFO - Ticker: CEPU Precio Actual: 35.75 Objetivo: 36.03 
 2020-05-18 22:24:23,257 - worker_venta - INFO - Compras hechas: 1.00 
 2020-05-18 22:24:23,257 - xventa - INFO - Reviso todos as compras y miro si alcanzo el valorVentaMin 
 2020-05-18 22:24:24,076 - xventa - INFO - Ticker: CEPU Precio Actual: 35.75 Objetivo: 36.03 
 2020-05-18 22:24:26,078 - worker_venta - INFO - Compras hechas: 1.00 
 2020-05-18 22:24:26,079 - xventa - INFO - Reviso todos as compras y miro si alcanzo el valorVentaMin 
 2020-05-18 22:24:26,945 - xventa - INFO - Ticker: CEPU Precio Actual: 35.75 Objetivo: 36.03 
 2020-05-18 22:24:28,946 - worker_venta - INFO - Compras hechas: 1.00 
 2020-05-18 22:24:28,947 - xventa - INFO - Reviso todos as compras y miro si alcanzo el valorVentaMin 
 2020-05-18 22:24:29,685 - xventa - INFO - Ticker: CEPU Precio Actual: 35.75 Objetivo: 36.03 
 2020-05-18 22:24:31,316 - larva - INFO - BBAR		 C LOCAL ACTUAL 145.00		 C ADR ACTUAL: 3.61		 C LOC. ARBI: 138.17		 DIF: -6.83		 VAR: -4.71% 
 2020-05-18 22:24:31,689 - worker_venta - INFO - Compras hechas: 1.00 
 2020-05-18 22:24:31,689 - xventa - INFO - Reviso todos as compras y miro si alcanzo el valorVentaMin 
 2020-05-18 22:24:32,446 - xventa - INFO - Ticker: CEPU Precio Actual: 35.75 Objetivo: 36.03 
 2020-05-18 22:24:32,805 - larva - INFO - BMA		 C LOCAL ACTUAL 231.10		 C ADR ACTUAL: 19.33		 C LOC. ARBI: 229.58		 DIF: -1.52		 VAR: -0.66% 
 2020-05-18 22:24:34,450 - worker_venta - INFO - Compras hechas: 1.00 
 2020-05-18 22:24:34,450 - xventa - INFO - Reviso todos as compras y miro si alcanzo el valorVentaMin 
 2020-05-18 22:24:34,606 - larva - INFO - CEPU		 C LOCAL ACTUAL 35.75		 C ADR ACTUAL: 2.96		 C LOC. ARBI: 36.18		 DIF: 0.43		 VAR: 1.20% 
 2020-05-18 22:24:35,174 - xventa - INFO - Ticker: CEPU Precio Actual: 35.75 Objetivo: 36.03 
 2020-05-18 22:24:36,044 - larva - INFO - CRES		 C LOCAL ACTUAL 41.50		 C ADR ACTUAL: 3.42		 C LOC. ARBI: 39.49		 DIF: -2.01		 VAR: -4.84% 
 2020-05-18 22:24:37,175 - worker_venta - INFO - Compras hechas: 1.00 
 2020-05-18 22:24:37,176 - xventa - INFO - Reviso todos as compras y miro si alcanzo el valorVentaMin 
 2020-05-18 22:24:37,743 - larva - INFO - EDN		 C LOCAL ACTUAL 20.80		 C ADR ACTUAL: 3.45		 C LOC. ARBI: 20.54		 DIF: -0.26		 VAR: -1.24% 
 2020-05-18 22:24:37,932 - xventa - INFO - Ticker: CEPU Precio Actual: 35.75 Objetivo: 36.03 
 2020-05-18 22:24:39,690 - larva - INFO - GGAL		 C LOCAL ACTUAL 106.80		 C ADR ACTUAL: 8.91		 C LOC. ARBI: 103.02		 DIF: -3.78		 VAR: -3.54% 
 2020-05-18 22:24:39,937 - worker_venta - INFO - Compras hechas: 1.00 
 2020-05-18 22:24:39,938 - xventa - INFO - Reviso todos as compras y miro si alcanzo el valorVentaMin 
 2020-05-18 22:24:40,666 - xventa - INFO - Ticker: CEPU Precio Actual: 35.75 Objetivo: 36.03 
 2020-05-18 22:24:41,195 - larva - INFO - LOMA		 C LOCAL ACTUAL 99.80		 C ADR ACTUAL: 4.17		 C LOC. ARBI: 95.41		 DIF: -4.39		 VAR: -4.39% 
 2020-05-18 22:24:42,669 - worker_venta - INFO - Compras hechas: 1.00 
 2020-05-18 22:24:42,670 - xventa - INFO - Reviso todos as compras y miro si alcanzo el valorVentaMin 
 2020-05-18 22:24:42,717 - larva - INFO - PAMP		 C LOCAL ACTUAL 55.45		 C ADR ACTUAL: 11.68		 C LOC. ARBI: 53.62		 DIF: -1.83		 VAR: -3.30% 
 2020-05-18 22:24:43,405 - xventa - INFO - Ticker: CEPU Precio Actual: 35.75 Objetivo: 36.03 
 2020-05-18 22:24:44,204 - larva - INFO - SUPV		 C LOCAL ACTUAL 50.85		 C ADR ACTUAL: 2.08		 C LOC. ARBI: 47.83		 DIF: -3.02		 VAR: -5.94% 
 2020-05-18 22:24:45,409 - worker_venta - INFO - Compras hechas: 1.00 
 2020-05-18 22:24:45,409 - xventa - INFO - Reviso todos as compras y miro si alcanzo el valorVentaMin 
 2020-05-18 22:24:45,968 - larva - INFO - TECO2		 C LOCAL ACTUAL 194.00		 C ADR ACTUAL: 8.01		 C LOC. ARBI: 185.19		 DIF: -8.81		 VAR: -4.54% 
 2020-05-18 22:24:46,126 - xventa - INFO - Ticker: CEPU Precio Actual: 35.75 Objetivo: 36.03 
 2020-05-18 22:24:47,403 - larva - INFO - TGSU2		 C LOCAL ACTUAL 128.75		 C ADR ACTUAL: 5.43		 C LOC. ARBI: 127.06		 DIF: -1.69		 VAR: -1.32% 
 2020-05-18 22:24:48,127 - worker_venta - INFO - Compras hechas: 1.00 
 2020-05-18 22:24:48,128 - xventa - INFO - Reviso todos as compras y miro si alcanzo el valorVentaMin 
 2020-05-18 22:24:48,976 - xventa - INFO - Ticker: CEPU Precio Actual: 35.75 Objetivo: 36.03 
 2020-05-18 22:24:50,981 - worker_venta - INFO - Compras hechas: 1.00 
 2020-05-18 22:24:50,982 - xventa - INFO - Reviso todos as compras y miro si alcanzo el valorVentaMin 
 2020-05-18 22:24:51,717 - xventa - INFO - Ticker: CEPU Precio Actual: 35.75 Objetivo: 36.03 
 2020-05-18 22:24:52,815 - MainProcess - __init__ - INFO - INICIANDO LARVA 18/05/2020 22:24:52 
 2020-05-18 22:24:52,816 - MainProcess - cargar_cotiz - INFO - cargar_cotiz: Cargando cotizaciones ultimo cierre. 
 2020-05-18 22:24:53,596 - MainProcess - cargar_cotiz - INFO - 2020-05-15 - BBAR C. ADR ULT CIERRE 3.38 C. Loc ULT CIERRE 142.05 
 2020-05-18 22:24:53,719 - worker_venta - INFO - Compras hechas: 1.00 
 2020-05-18 22:24:53,720 - xventa - INFO - Reviso todos as compras y miro si alcanzo el valorVentaMin 
 2020-05-18 22:24:54,289 - MainProcess - cargar_cotiz - INFO - 2020-05-15 - BMA C. ADR ULT CIERRE 18.72 C. Loc ULT CIERRE 228.15 
 2020-05-18 22:24:54,444 - xventa - INFO - Ticker: CEPU Precio Actual: 35.75 Objetivo: 36.03 
 2020-05-18 22:24:55,032 - MainProcess - cargar_cotiz - INFO - 2020-05-15 - CEPU C. ADR ULT CIERRE 2.95 C. Loc ULT CIERRE 35.50 
 2020-05-18 22:24:55,729 - MainProcess - cargar_cotiz - INFO - 2020-05-15 - CRESY C. ADR ULT CIERRE 3.22 C. Loc ULT CIERRE 40.90 
 2020-05-18 22:24:56,382 - MainProcess - cargar_cotiz - INFO - 2020-05-15 - EDN C. ADR ULT CIERRE 3.35 C. Loc ULT CIERRE 20.25 
 2020-05-18 22:24:56,446 - worker_venta - INFO - Compras hechas: 1.00 
 2020-05-18 22:24:56,446 - xventa - INFO - Reviso todos as compras y miro si alcanzo el valorVentaMin 
 2020-05-18 22:24:57,102 - MainProcess - cargar_cotiz - INFO - 2020-05-15 - GGAL C. ADR ULT CIERRE 8.40 C. Loc ULT CIERRE 102.85 
 2020-05-18 22:24:57,172 - xventa - INFO - Ticker: CEPU Precio Actual: 35.75 Objetivo: 36.03 
 2020-05-18 22:24:57,793 - MainProcess - cargar_cotiz - INFO - 2020-05-15 - LOMA C. ADR ULT CIERRE 3.89 C. Loc ULT CIERRE 96.50 
 2020-05-18 22:24:58,584 - MainProcess - cargar_cotiz - INFO - 2020-05-15 - PAM C. ADR ULT CIERRE 10.93 C. Loc ULT CIERRE 53.70 
 2020-05-18 22:24:59,173 - worker_venta - INFO - Compras hechas: 1.00 
 2020-05-18 22:24:59,174 - xventa - INFO - Reviso todos as compras y miro si alcanzo el valorVentaMin 
 2020-05-18 22:24:59,316 - MainProcess - cargar_cotiz - INFO - 2020-05-15 - SUPV C. ADR ULT CIERRE 1.95 C. Loc ULT CIERRE 49.05 
 2020-05-18 22:24:59,914 - xventa - INFO - Ticker: CEPU Precio Actual: 35.75 Objetivo: 36.03 
 2020-05-18 22:25:00,024 - MainProcess - cargar_cotiz - INFO - 2020-05-15 - TEO C. ADR ULT CIERRE 7.55 C. Loc ULT CIERRE 189.25 
 2020-05-18 22:25:00,831 - MainProcess - cargar_cotiz - INFO - 2020-05-15 - TGS C. ADR ULT CIERRE 5.18 C. Loc ULT CIERRE 127.50 
 2020-05-18 22:25:01,552 - MainProcess - cargar_cotiz - INFO - 2020-05-15 - YPF C. ADR ULT CIERRE 4.14 C. Loc ULT CIERRE 510.95 
 2020-05-18 22:25:01,553 - MainProcess - calculo_ccl_AlCierreARG - INFO - GGAL.BA C. ADR: 8.40 C. Loc: 102.85 Fac.: 10 CCL: 122.44 
 2020-05-18 22:25:01,553 - MainProcess - calculo_ccl_AlCierreARG - INFO - YPFD.BA C. ADR: 4.14 C. Loc: 510.95 Fac.: 1 CCL: 123.42 
 2020-05-18 22:25:01,553 - MainProcess - calculo_ccl_AlCierreARG - INFO - BMA.BA C. ADR: 18.72 C. Loc: 228.15 Fac.: 10 CCL: 121.88 
 2020-05-18 22:25:01,553 - MainProcess - calculo_ccl_AlCierreARG - INFO - PAMP.BA C. ADR: 10.93 C. Loc: 53.70 Fac.: 25 CCL: 122.83 
 2020-05-18 22:25:01,554 - MainProcess - __init__ - INFO - 

**CCL al cierre anterior: (GGAL, YPFD, BMA, PAMP) Promedio: 122.64 
 2020-05-18 22:25:01,554 - MainProcess - cargar_ValoresArbitrados - INFO - Calculando CCL al cierre anterior 
 2020-05-18 22:25:01,558 - MainProcess - larva - INFO - Arranca larva:  
 2020-05-18 22:25:01,918 - worker_venta - INFO - Compras hechas: 1.00 
 2020-05-18 22:25:01,918 - xventa - INFO - Reviso todos as compras y miro si alcanzo el valorVentaMin 
 2020-05-18 22:25:02,378 - MainProcess - worker_venta - INFO - Compras hechas: 1.00 
 2020-05-18 22:25:02,378 - MainProcess - xventa - INFO - Reviso todos as compras y miro si alcanzo el valorVentaMin 
 2020-05-18 22:25:02,724 - xventa - INFO - Ticker: CEPU Precio Actual: 35.75 Objetivo: 36.03 
 2020-05-18 22:25:03,114 - MainProcess - xventa - INFO - Ticker: CEPU Precio Actual: 35.75 Objetivo: 36.03 
 2020-05-18 22:25:04,474 - MainProcess - larva - INFO - BBAR		 C LOCAL ACTUAL 145.00		 C ADR ACTUAL: 3.61		 C LOC. ARBI: 138.17		 DIF: -6.83		 VAR: -4.71% 
 2020-05-18 22:25:04,725 - worker_venta - INFO - Compras hechas: 1.00 
 2020-05-18 22:25:04,725 - xventa - INFO - Reviso todos as compras y miro si alcanzo el valorVentaMin 
 2020-05-18 22:25:05,118 - MainProcess - worker_venta - INFO - Compras hechas: 1.00 
 2020-05-18 22:25:05,118 - MainProcess - xventa - INFO - Reviso todos as compras y miro si alcanzo el valorVentaMin 
 2020-05-18 22:25:05,465 - xventa - INFO - Ticker: CEPU Precio Actual: 35.75 Objetivo: 36.03 
 2020-05-18 22:25:05,854 - MainProcess - xventa - INFO - Ticker: CEPU Precio Actual: 35.75 Objetivo: 36.03 
 2020-05-18 22:25:05,925 - MainProcess - larva - INFO - BMA		 C LOCAL ACTUAL 231.10		 C ADR ACTUAL: 19.33		 C LOC. ARBI: 229.58		 DIF: -1.52		 VAR: -0.66% 
 2020-05-18 22:25:07,470 - worker_venta - INFO - Compras hechas: 1.00 
 2020-05-18 22:25:07,470 - xventa - INFO - Reviso todos as compras y miro si alcanzo el valorVentaMin 
 2020-05-18 22:25:07,734 - MainProcess - larva - INFO - CEPU		 C LOCAL ACTUAL 35.75		 C ADR ACTUAL: 2.96		 C LOC. ARBI: 36.18		 DIF: 0.43		 VAR: 1.20% 
 2020-05-18 22:25:07,859 - MainProcess - worker_venta - INFO - Compras hechas: 1.00 
 2020-05-18 22:25:07,860 - MainProcess - xventa - INFO - Reviso todos as compras y miro si alcanzo el valorVentaMin 
 2020-05-18 22:25:08,204 - xventa - INFO - Ticker: CEPU Precio Actual: 35.75 Objetivo: 36.03 
 2020-05-18 22:25:08,594 - MainProcess - xventa - INFO - Ticker: CEPU Precio Actual: 35.75 Objetivo: 36.03 
 2020-05-18 22:25:09,279 - MainProcess - larva - INFO - CRES		 C LOCAL ACTUAL 41.50		 C ADR ACTUAL: 3.42		 C LOC. ARBI: 39.49		 DIF: -2.01		 VAR: -4.84% 
 2020-05-18 22:25:10,207 - worker_venta - INFO - Compras hechas: 1.00 
 2020-05-18 22:25:10,207 - xventa - INFO - Reviso todos as compras y miro si alcanzo el valorVentaMin 
 2020-05-18 22:25:10,599 - MainProcess - worker_venta - INFO - Compras hechas: 1.00 
 2020-05-18 22:25:10,599 - MainProcess - xventa - INFO - Reviso todos as compras y miro si alcanzo el valorVentaMin 
 2020-05-18 22:25:10,763 - MainProcess - larva - INFO - EDN		 C LOCAL ACTUAL 20.80		 C ADR ACTUAL: 3.45		 C LOC. ARBI: 20.54		 DIF: -0.26		 VAR: -1.24% 
 2020-05-18 22:25:10,946 - xventa - INFO - Ticker: CEPU Precio Actual: 35.75 Objetivo: 36.03 
 2020-05-18 22:25:11,343 - MainProcess - xventa - INFO - Ticker: CEPU Precio Actual: 35.75 Objetivo: 36.03 
 2020-05-18 22:25:12,344 - MainProcess - larva - INFO - GGAL		 C LOCAL ACTUAL 106.80		 C ADR ACTUAL: 8.91		 C LOC. ARBI: 103.02		 DIF: -3.78		 VAR: -3.54% 
 2020-05-18 22:25:12,950 - worker_venta - INFO - Compras hechas: 1.00 
 2020-05-18 22:25:12,951 - xventa - INFO - Reviso todos as compras y miro si alcanzo el valorVentaMin 
 2020-05-18 22:25:13,349 - MainProcess - worker_venta - INFO - Compras hechas: 1.00 
 2020-05-18 22:25:13,350 - MainProcess - xventa - INFO - Reviso todos as compras y miro si alcanzo el valorVentaMin 
 2020-05-18 22:25:17,150 - MainProcess - larva - INFO - LOMA		 C LOCAL ACTUAL 99.80		 C ADR ACTUAL: 4.17		 C LOC. ARBI: 95.41		 DIF: -4.39		 VAR: -4.39% 
 2020-05-18 22:25:17,156 - MainProcess - xventa - INFO - Ticker: CEPU Precio Actual: 35.75 Objetivo: 36.03 
 2020-05-18 22:25:17,171 - xventa - INFO - Ticker: CEPU Precio Actual: 35.75 Objetivo: 36.03 
 2020-05-18 22:25:18,605 - MainProcess - larva - INFO - PAMP		 C LOCAL ACTUAL 55.45		 C ADR ACTUAL: 11.68		 C LOC. ARBI: 53.62		 DIF: -1.83		 VAR: -3.30% 
 2020-05-18 22:25:19,164 - MainProcess - worker_venta - INFO - Compras hechas: 1.00 
 2020-05-18 22:25:19,165 - MainProcess - xventa - INFO - Reviso todos as compras y miro si alcanzo el valorVentaMin 
 2020-05-18 22:25:19,175 - worker_venta - INFO - Compras hechas: 1.00 
 2020-05-18 22:25:19,175 - xventa - INFO - Reviso todos as compras y miro si alcanzo el valorVentaMin 
 2020-05-18 22:25:19,894 - xventa - INFO - Ticker: CEPU Precio Actual: 35.75 Objetivo: 36.03 
 2020-05-18 22:25:19,914 - MainProcess - xventa - INFO - Ticker: CEPU Precio Actual: 35.75 Objetivo: 36.03 
 2020-05-18 22:25:20,045 - MainProcess - larva - INFO - SUPV		 C LOCAL ACTUAL 50.85		 C ADR ACTUAL: 2.08		 C LOC. ARBI: 47.83		 DIF: -3.02		 VAR: -5.94% 
 2020-05-18 22:25:21,534 - MainProcess - larva - INFO - TECO2		 C LOCAL ACTUAL 194.00		 C ADR ACTUAL: 8.01		 C LOC. ARBI: 185.19		 DIF: -8.81		 VAR: -4.54% 
 2020-05-18 22:25:21,896 - worker_venta - INFO - Compras hechas: 1.00 
 2020-05-18 22:25:21,897 - xventa - INFO - Reviso todos as compras y miro si alcanzo el valorVentaMin 
 2020-05-18 22:25:21,915 - MainProcess - worker_venta - INFO - Compras hechas: 1.00 
 2020-05-18 22:25:21,916 - MainProcess - xventa - INFO - Reviso todos as compras y miro si alcanzo el valorVentaMin 
 2020-05-18 22:25:22,716 - xventa - INFO - Ticker: CEPU Precio Actual: 35.75 Objetivo: 36.03 
 2020-05-18 22:25:23,082 - MainProcess - larva - INFO - TGSU2		 C LOCAL ACTUAL 128.75		 C ADR ACTUAL: 5.43		 C LOC. ARBI: 127.06		 DIF: -1.69		 VAR: -1.32% 
 2020-05-18 22:25:23,378 - MainProcess - xventa - INFO - Ticker: CEPU Precio Actual: 35.75 Objetivo: 36.03 
 2020-05-18 22:25:24,717 - worker_venta - INFO - Compras hechas: 1.00 
 2020-05-18 22:25:24,718 - xventa - INFO - Reviso todos as compras y miro si alcanzo el valorVentaMin 
 2020-05-18 22:25:24,871 - MainProcess - larva - INFO - YPFD		 C LOCAL ACTUAL 528.00		 C ADR ACTUAL: 4.36		 C LOC. ARBI: 507.73		 DIF: -20.27		 VAR: -3.84% 
 2020-05-18 22:25:25,381 - MainProcess - worker_venta - INFO - Compras hechas: 1.00 
 2020-05-18 22:25:25,381 - MainProcess - xventa - INFO - Reviso todos as compras y miro si alcanzo el valorVentaMin 
 2020-05-18 22:25:25,614 - xventa - INFO - Ticker: CEPU Precio Actual: 35.75 Objetivo: 36.03 
 2020-05-18 22:25:26,473 - MainProcess - xventa - INFO - Ticker: CEPU Precio Actual: 35.75 Objetivo: 36.03 
 2020-05-18 22:25:27,616 - worker_venta - INFO - Compras hechas: 1.00 
 2020-05-18 22:25:27,617 - xventa - INFO - Reviso todos as compras y miro si alcanzo el valorVentaMin 
 2020-05-18 22:25:28,324 - xventa - INFO - Ticker: CEPU Precio Actual: 35.75 Objetivo: 36.03 
 2020-05-18 22:25:28,476 - MainProcess - worker_venta - INFO - Compras hechas: 1.00 
 2020-05-18 22:25:28,476 - MainProcess - xventa - INFO - Reviso todos as compras y miro si alcanzo el valorVentaMin 
 2020-05-18 22:25:29,554 - MainProcess - xventa - INFO - Ticker: CEPU Precio Actual: 35.75 Objetivo: 36.03 
 2020-05-18 22:25:30,329 - worker_venta - INFO - Compras hechas: 1.00 
 2020-05-18 22:25:30,329 - xventa - INFO - Reviso todos as compras y miro si alcanzo el valorVentaMin 
 2020-05-18 22:25:31,043 - xventa - INFO - Ticker: CEPU Precio Actual: 35.75 Objetivo: 36.03 
 2020-05-18 22:25:31,558 - MainProcess - worker_venta - INFO - Compras hechas: 1.00 
 2020-05-18 22:25:31,559 - MainProcess - xventa - INFO - Reviso todos as compras y miro si alcanzo el valorVentaMin 
 2020-05-18 22:25:33,048 - worker_venta - INFO - Compras hechas: 1.00 
 2020-05-18 22:25:33,048 - xventa - INFO - Reviso todos as compras y miro si alcanzo el valorVentaMin 
 2020-05-18 22:25:33,403 - MainProcess - xventa - INFO - Ticker: CEPU Precio Actual: 35.75 Objetivo: 36.03 
 2020-05-18 22:25:33,781 - xventa - INFO - Ticker: CEPU Precio Actual: 35.75 Objetivo: 36.03 
 2020-05-18 22:25:35,407 - MainProcess - worker_venta - INFO - Compras hechas: 1.00 
 2020-05-18 22:25:35,407 - MainProcess - xventa - INFO - Reviso todos as compras y miro si alcanzo el valorVentaMin 
 2020-05-18 22:25:35,786 - worker_venta - INFO - Compras hechas: 1.00 
 2020-05-18 22:25:35,787 - xventa - INFO - Reviso todos as compras y miro si alcanzo el valorVentaMin 
 2020-05-18 22:25:36,159 - MainProcess - xventa - INFO - Ticker: CEPU Precio Actual: 35.75 Objetivo: 36.03 
 2020-05-18 22:25:36,343 - MainProcess - larva - INFO - BBAR		 C LOCAL ACTUAL 145.00		 C ADR ACTUAL: 3.61		 C LOC. ARBI: 138.17		 DIF: -6.83		 VAR: -4.71% 
 2020-05-18 22:25:36,503 - xventa - INFO - Ticker: CEPU Precio Actual: 35.75 Objetivo: 36.03 
 2020-05-18 22:25:37,849 - MainProcess - larva - INFO - BMA		 C LOCAL ACTUAL 231.10		 C ADR ACTUAL: 19.33		 C LOC. ARBI: 229.58		 DIF: -1.52		 VAR: -0.66% 
 2020-05-18 22:25:38,164 - MainProcess - worker_venta - INFO - Compras hechas: 1.00 
 2020-05-18 22:25:38,164 - MainProcess - xventa - INFO - Reviso todos as compras y miro si alcanzo el valorVentaMin 
 2020-05-18 22:25:38,507 - worker_venta - INFO - Compras hechas: 1.00 
 2020-05-18 22:25:38,508 - xventa - INFO - Reviso todos as compras y miro si alcanzo el valorVentaMin 
 2020-05-18 22:25:39,000 - MainProcess - xventa - INFO - Ticker: CEPU Precio Actual: 35.75 Objetivo: 36.03 
 2020-05-18 22:25:39,380 - MainProcess - larva - INFO - CEPU		 C LOCAL ACTUAL 35.75		 C ADR ACTUAL: 2.96		 C LOC. ARBI: 36.18		 DIF: 0.43		 VAR: 1.20% 
 2020-05-18 22:25:39,395 - xventa - INFO - Ticker: CEPU Precio Actual: 35.75 Objetivo: 36.03 
 2020-05-18 22:25:40,773 - MainProcess - larva - INFO - CRES		 C LOCAL ACTUAL 41.50		 C ADR ACTUAL: 3.42		 C LOC. ARBI: 39.49		 DIF: -2.01		 VAR: -4.84% 
 2020-05-18 22:25:41,002 - MainProcess - worker_venta - INFO - Compras hechas: 1.00 
 2020-05-18 22:25:41,003 - MainProcess - xventa - INFO - Reviso todos as compras y miro si alcanzo el valorVentaMin 
 2020-05-18 22:25:41,397 - worker_venta - INFO - Compras hechas: 1.00 
 2020-05-18 22:25:41,397 - xventa - INFO - Reviso todos as compras y miro si alcanzo el valorVentaMin 
 2020-05-18 22:25:41,730 - MainProcess - xventa - INFO - Ticker: CEPU Precio Actual: 35.75 Objetivo: 36.03 
 2020-05-18 22:25:42,137 - xventa - INFO - Ticker: CEPU Precio Actual: 35.75 Objetivo: 36.03 
 2020-05-18 22:25:42,235 - MainProcess - larva - INFO - EDN		 C LOCAL ACTUAL 20.80		 C ADR ACTUAL: 3.45		 C LOC. ARBI: 20.54		 DIF: -0.26		 VAR: -1.24% 
 2020-05-18 22:25:43,651 - MainProcess - larva - INFO - GGAL		 C LOCAL ACTUAL 106.80		 C ADR ACTUAL: 8.91		 C LOC. ARBI: 103.02		 DIF: -3.78		 VAR: -3.54% 
 2020-05-18 22:25:43,732 - MainProcess - worker_venta - INFO - Compras hechas: 1.00 
 2020-05-18 22:25:43,733 - MainProcess - xventa - INFO - Reviso todos as compras y miro si alcanzo el valorVentaMin 
 2020-05-18 22:25:44,138 - worker_venta - INFO - Compras hechas: 1.00 
 2020-05-18 22:25:44,138 - xventa - INFO - Reviso todos as compras y miro si alcanzo el valorVentaMin 
 2020-05-18 22:25:44,976 - xventa - INFO - Ticker: CEPU Precio Actual: 35.75 Objetivo: 36.03 
 2020-05-18 22:25:46,978 - worker_venta - INFO - Compras hechas: 1.00 
 2020-05-18 22:25:46,978 - xventa - INFO - Reviso todos as compras y miro si alcanzo el valorVentaMin 
 2020-05-18 22:25:47,713 - xventa - INFO - Ticker: CEPU Precio Actual: 35.75 Objetivo: 36.03 
 2020-05-18 22:25:49,715 - worker_venta - INFO - Compras hechas: 1.00 
 2020-05-18 22:25:49,716 - xventa - INFO - Reviso todos as compras y miro si alcanzo el valorVentaMin 
 2020-05-18 22:25:50,434 - xventa - INFO - Ticker: CEPU Precio Actual: 35.75 Objetivo: 36.03 
 2020-05-18 22:25:52,437 - worker_venta - INFO - Compras hechas: 1.00 
 2020-05-18 22:25:52,437 - xventa - INFO - Reviso todos as compras y miro si alcanzo el valorVentaMin 
 2020-05-18 22:25:54,652 - xventa - INFO - Ticker: CEPU Precio Actual: 35.75 Objetivo: 36.03 
